Loading openmpi/3.1.2
  ERROR: Module cannot be loaded due to a conflict.
    HINT: Might try "module unload openmpi" first.

RAxML-NG v. 1.1.0-master released on 22.06.2022 by The Exelixis Lab.
Developed by: Alexey M. Kozlov and Alexandros Stamatakis.
Contributors: Diego Darriba, Tomas Flouri, Benoit Morel, Sarah Lutteropp, Ben Bettisworth.
Latest version: https://github.com/amkozlov/raxml-ng
Questions/problems/suggestions? Please visit: https://groups.google.com/forum/#!forum/raxml

System: Intel(R) Xeon(R) CPU E5-2680 v4 @ 2.40GHz, 28 cores, 62 GB RAM

RAxML-NG was called at 06-Mar-2024 17:32:50 as follows:

/project2/cbrook/software/raxml-ng/bin/raxml-ng-mpi --all --msa DENV2alignedML.fasta --model GTR+I+G4 --prefix T3 --seed 12 --threads 7 --bs-metric fbp,tbe

Analysis options:
  run mode: ML tree search + bootstrapping (Felsenstein Bootstrap + Transfer Bootstrap)
  start tree(s): random (10) + parsimony (10)
  bootstrap replicates: max: 1000 + bootstopping (autoMRE, cutoff: 0.030000)
  random seed: 12
  tip-inner: OFF
  pattern compression: ON
  per-rate scalers: OFF
  site repeats: ON
  branch lengths: proportional (ML estimate, algorithm: NR-FAST)
  SIMD kernels: AVX2
  parallelization: coarse-grained (auto), PTHREADS (7 threads), thread pinning: ON

[00:00:01] Reading alignment from file: DENV2alignedML.fasta
[00:00:01] Loaded alignment with 220 taxa and 11082 sites

Alignment comprises 1 partitions and 3622 patterns

Partition 0: noname
Model: GTR+FO+I+G4m
Alignment sites / patterns: 11082 / 3622
Gaps: 4.21 %
Invariant sites: 54.83 %


NOTE: Binary MSA file created: T3.raxml.rba

Parallelization scheme autoconfig: 1 worker(s) x 7 thread(s)

Error calling pthread_setaffinity_np: 22
Error calling pthread_setaffinity_np: 22
Error calling pthread_setaffinity_np: 22
Error calling pthread_setaffinity_np: 22
Error calling pthread_setaffinity_np: 22
Error calling pthread_setaffinity_np: 22
Error calling pthread_setaffinity_np: 22
Parallel reduction/worker buffer size: 1 KB  / 0 KB

[00:00:01] Generating 10 random starting tree(s) with 220 taxa
[00:00:01] Generating 10 parsimony starting tree(s) with 220 taxa
[00:00:02] Data distribution: max. partitions/sites/weight per thread: 1 / 518 / 8288
[00:00:03] Data distribution: max. searches per worker: 1020

Starting ML tree search with 20 distinct starting trees

[00:01:45] ML tree search #1, logLikelihood: -75088.555801
[00:03:17] ML tree search #2, logLikelihood: -75088.563685
[00:04:48] ML tree search #3, logLikelihood: -75088.584041
[00:06:37] ML tree search #4, logLikelihood: -75088.564709
[00:08:06] ML tree search #5, logLikelihood: -75106.707057
[00:09:53] ML tree search #6, logLikelihood: -75105.034698
[00:11:38] ML tree search #7, logLikelihood: -75088.679729
[00:13:10] ML tree search #8, logLikelihood: -75088.555581
[00:14:38] ML tree search #9, logLikelihood: -75092.768961
[00:16:07] ML tree search #10, logLikelihood: -75106.691413
[00:17:46] ML tree search #11, logLikelihood: -75106.664024
[00:18:56] ML tree search #12, logLikelihood: -75106.673097
[00:20:04] ML tree search #13, logLikelihood: -75088.698435
[00:21:40] ML tree search #14, logLikelihood: -75106.697590
[00:23:04] ML tree search #15, logLikelihood: -75088.571637
[00:24:06] ML tree search #16, logLikelihood: -75088.698912
[00:25:09] ML tree search #17, logLikelihood: -75092.884373
[00:26:17] ML tree search #18, logLikelihood: -75088.666061
[00:27:28] ML tree search #19, logLikelihood: -75106.776906
[00:28:35] ML tree search #20, logLikelihood: -75088.554197

[00:28:35] ML tree search completed, best tree logLH: -75088.554197

[00:28:35] Starting bootstrapping analysis with 1000 replicates.

[00:29:36] Bootstrap tree #1, logLikelihood: -74710.200219
[00:30:39] Bootstrap tree #2, logLikelihood: -76209.988100
[00:31:59] Bootstrap tree #3, logLikelihood: -74321.912562
[00:33:00] Bootstrap tree #4, logLikelihood: -75222.834276
[00:34:02] Bootstrap tree #5, logLikelihood: -75445.920300
[00:35:01] Bootstrap tree #6, logLikelihood: -73851.940110
[00:36:01] Bootstrap tree #7, logLikelihood: -76835.971489
[00:37:18] Bootstrap tree #8, logLikelihood: -75618.085099
[00:38:22] Bootstrap tree #9, logLikelihood: -74428.448910
[00:39:21] Bootstrap tree #10, logLikelihood: -73902.145004
[00:40:23] Bootstrap tree #11, logLikelihood: -76295.323269
[00:41:37] Bootstrap tree #12, logLikelihood: -74609.120508
[00:42:48] Bootstrap tree #13, logLikelihood: -75383.335664
[00:43:49] Bootstrap tree #14, logLikelihood: -73763.367045
[00:44:52] Bootstrap tree #15, logLikelihood: -73976.456155
[00:45:54] Bootstrap tree #16, logLikelihood: -76372.111748
[00:46:54] Bootstrap tree #17, logLikelihood: -74612.532847
[00:48:13] Bootstrap tree #18, logLikelihood: -73400.661261
[00:49:36] Bootstrap tree #19, logLikelihood: -75711.495825
[00:50:49] Bootstrap tree #20, logLikelihood: -73669.031860
[00:51:54] Bootstrap tree #21, logLikelihood: -74948.717096
[00:52:55] Bootstrap tree #22, logLikelihood: -73294.002716
[00:54:06] Bootstrap tree #23, logLikelihood: -74967.261761
[00:55:13] Bootstrap tree #24, logLikelihood: -75036.683344
[00:56:26] Bootstrap tree #25, logLikelihood: -76050.244482
[00:57:38] Bootstrap tree #26, logLikelihood: -73764.625591
[00:59:28] Bootstrap tree #27, logLikelihood: -76306.189595
[01:00:44] Bootstrap tree #28, logLikelihood: -75189.153388
[01:01:59] Bootstrap tree #29, logLikelihood: -75501.135599
[01:03:14] Bootstrap tree #30, logLikelihood: -72504.022758
[01:04:20] Bootstrap tree #31, logLikelihood: -74021.992247
[01:05:26] Bootstrap tree #32, logLikelihood: -74732.563936
[01:06:26] Bootstrap tree #33, logLikelihood: -74830.571264
[01:07:29] Bootstrap tree #34, logLikelihood: -75419.420247
[01:08:29] Bootstrap tree #35, logLikelihood: -75113.011821
[01:09:29] Bootstrap tree #36, logLikelihood: -74566.502876
[01:10:51] Bootstrap tree #37, logLikelihood: -73881.769089
[01:11:54] Bootstrap tree #38, logLikelihood: -73603.199481
[01:12:55] Bootstrap tree #39, logLikelihood: -74561.513882
[01:13:56] Bootstrap tree #40, logLikelihood: -75967.975718
[01:14:58] Bootstrap tree #41, logLikelihood: -75039.218570
[01:16:02] Bootstrap tree #42, logLikelihood: -75341.110847
[01:17:14] Bootstrap tree #43, logLikelihood: -74605.969872
[01:18:13] Bootstrap tree #44, logLikelihood: -73283.411553
[01:19:14] Bootstrap tree #45, logLikelihood: -74506.600222
[01:20:16] Bootstrap tree #46, logLikelihood: -75191.610799
[01:21:20] Bootstrap tree #47, logLikelihood: -75140.683377
[01:22:29] Bootstrap tree #48, logLikelihood: -75577.064499
[01:23:54] Bootstrap tree #49, logLikelihood: -76124.002599
[01:25:10] Bootstrap tree #50, logLikelihood: -75118.808121
[01:26:16] Bootstrap tree #51, logLikelihood: -76269.748690
[01:27:25] Bootstrap tree #52, logLikelihood: -75007.588125
[01:28:29] Bootstrap tree #53, logLikelihood: -75364.007529
[01:29:28] Bootstrap tree #54, logLikelihood: -74537.244043
[01:31:01] Bootstrap tree #55, logLikelihood: -73274.870404
[01:32:02] Bootstrap tree #56, logLikelihood: -74244.805404
[01:33:03] Bootstrap tree #57, logLikelihood: -73676.033855
[01:34:01] Bootstrap tree #58, logLikelihood: -73680.755620
[01:35:13] Bootstrap tree #59, logLikelihood: -75169.607799
[01:36:36] Bootstrap tree #60, logLikelihood: -74483.957143
[01:38:08] Bootstrap tree #61, logLikelihood: -75208.547230
[01:39:07] Bootstrap tree #62, logLikelihood: -73901.241431
[01:40:08] Bootstrap tree #63, logLikelihood: -74814.281216
[01:41:10] Bootstrap tree #64, logLikelihood: -75478.668061
[01:42:12] Bootstrap tree #65, logLikelihood: -75172.687654
[01:43:48] Bootstrap tree #66, logLikelihood: -74057.948948
[01:44:51] Bootstrap tree #67, logLikelihood: -75035.900835
[01:45:54] Bootstrap tree #68, logLikelihood: -73800.654807
[01:46:55] Bootstrap tree #69, logLikelihood: -74608.703148
[01:47:59] Bootstrap tree #70, logLikelihood: -75297.563892
[01:49:03] Bootstrap tree #71, logLikelihood: -74573.706293
[01:50:05] Bootstrap tree #72, logLikelihood: -74349.212924
[01:51:07] Bootstrap tree #73, logLikelihood: -74746.594726
[01:52:07] Bootstrap tree #74, logLikelihood: -74651.442155
[01:53:14] Bootstrap tree #75, logLikelihood: -74401.240668
[01:54:17] Bootstrap tree #76, logLikelihood: -74456.507139
[01:56:48] Bootstrap tree #77, logLikelihood: -75007.034049
[01:57:51] Bootstrap tree #78, logLikelihood: -75443.951134
[01:59:17] Bootstrap tree #79, logLikelihood: -74696.007306
[02:00:21] Bootstrap tree #80, logLikelihood: -75186.294385
[02:01:23] Bootstrap tree #81, logLikelihood: -74624.488332
[02:02:36] Bootstrap tree #82, logLikelihood: -74777.542581
[02:04:07] Bootstrap tree #83, logLikelihood: -74112.614654
[02:05:04] Bootstrap tree #84, logLikelihood: -74383.035892
[02:07:01] Bootstrap tree #85, logLikelihood: -73871.508888
[02:08:01] Bootstrap tree #86, logLikelihood: -73407.018238
[02:09:05] Bootstrap tree #87, logLikelihood: -74460.621468
[02:11:14] Bootstrap tree #88, logLikelihood: -73670.384392
[02:12:12] Bootstrap tree #89, logLikelihood: -73975.094715
[02:13:18] Bootstrap tree #90, logLikelihood: -74501.705277
[02:14:38] Bootstrap tree #91, logLikelihood: -74966.403279
[02:15:42] Bootstrap tree #92, logLikelihood: -72662.493420
[02:16:44] Bootstrap tree #93, logLikelihood: -75334.056585
[02:17:45] Bootstrap tree #94, logLikelihood: -74491.617846
[02:18:55] Bootstrap tree #95, logLikelihood: -74220.303788
[02:19:58] Bootstrap tree #96, logLikelihood: -74811.607050
[02:20:59] Bootstrap tree #97, logLikelihood: -74390.568664
[02:22:06] Bootstrap tree #98, logLikelihood: -75104.907633
[02:23:22] Bootstrap tree #99, logLikelihood: -74054.234610
[02:24:24] Bootstrap tree #100, logLikelihood: -75496.918391
[02:25:40] Bootstrap tree #101, logLikelihood: -75629.585389
[02:27:17] Bootstrap tree #102, logLikelihood: -75067.591214
[02:28:19] Bootstrap tree #103, logLikelihood: -74747.571199
[02:29:19] Bootstrap tree #104, logLikelihood: -75078.528051
[02:30:24] Bootstrap tree #105, logLikelihood: -74822.494627
[02:31:28] Bootstrap tree #106, logLikelihood: -74179.520459
[02:32:33] Bootstrap tree #107, logLikelihood: -73821.052790
[02:33:32] Bootstrap tree #108, logLikelihood: -74821.014386
[02:34:49] Bootstrap tree #109, logLikelihood: -74439.152587
[02:35:56] Bootstrap tree #110, logLikelihood: -75592.749729
[02:36:59] Bootstrap tree #111, logLikelihood: -75650.104304
[02:38:05] Bootstrap tree #112, logLikelihood: -75698.391924
[02:39:12] Bootstrap tree #113, logLikelihood: -73550.199247
[02:40:40] Bootstrap tree #114, logLikelihood: -73242.692799
[02:41:42] Bootstrap tree #115, logLikelihood: -75740.924179
[02:42:52] Bootstrap tree #116, logLikelihood: -74765.735510
[02:43:52] Bootstrap tree #117, logLikelihood: -74639.523885
[02:44:53] Bootstrap tree #118, logLikelihood: -74795.297453
[02:45:59] Bootstrap tree #119, logLikelihood: -73785.774370
[02:47:01] Bootstrap tree #120, logLikelihood: -74347.158132
[02:48:08] Bootstrap tree #121, logLikelihood: -73352.752892
[02:49:09] Bootstrap tree #122, logLikelihood: -74206.525752
[02:50:10] Bootstrap tree #123, logLikelihood: -73113.262408
[02:51:13] Bootstrap tree #124, logLikelihood: -74728.121533
[02:52:17] Bootstrap tree #125, logLikelihood: -74886.634919
[02:53:23] Bootstrap tree #126, logLikelihood: -74940.048097
[02:54:28] Bootstrap tree #127, logLikelihood: -75701.369578
[02:55:31] Bootstrap tree #128, logLikelihood: -76247.568034
[02:56:39] Bootstrap tree #129, logLikelihood: -74263.171307
[02:57:41] Bootstrap tree #130, logLikelihood: -75130.348135
[02:58:44] Bootstrap tree #131, logLikelihood: -73907.932830
[02:59:47] Bootstrap tree #132, logLikelihood: -74528.006544
[03:00:52] Bootstrap tree #133, logLikelihood: -73719.837153
[03:01:56] Bootstrap tree #134, logLikelihood: -73996.115298
[03:02:59] Bootstrap tree #135, logLikelihood: -73977.455723
[03:04:04] Bootstrap tree #136, logLikelihood: -74508.530806
[03:05:12] Bootstrap tree #137, logLikelihood: -72986.542819
[03:06:14] Bootstrap tree #138, logLikelihood: -74433.590184
[03:07:16] Bootstrap tree #139, logLikelihood: -75078.242663
[03:08:20] Bootstrap tree #140, logLikelihood: -74541.342046
[03:09:25] Bootstrap tree #141, logLikelihood: -75411.727286
[03:10:26] Bootstrap tree #142, logLikelihood: -74068.707105
[03:11:26] Bootstrap tree #143, logLikelihood: -74965.947221
[03:12:29] Bootstrap tree #144, logLikelihood: -74641.201186
[03:13:47] Bootstrap tree #145, logLikelihood: -76279.817768
[03:14:48] Bootstrap tree #146, logLikelihood: -74193.575567
[03:15:51] Bootstrap tree #147, logLikelihood: -74909.224087
[03:17:05] Bootstrap tree #148, logLikelihood: -75298.242144
[03:18:21] Bootstrap tree #149, logLikelihood: -74648.718227
[03:24:55] Bootstrap tree #150, logLikelihood: -74657.926113
[03:26:00] Bootstrap tree #151, logLikelihood: -76051.291132
[03:27:04] Bootstrap tree #152, logLikelihood: -75540.048723
[03:28:06] Bootstrap tree #153, logLikelihood: -74350.645955
[03:29:11] Bootstrap tree #154, logLikelihood: -74321.041482
[03:30:23] Bootstrap tree #155, logLikelihood: -75483.771164
[03:31:38] Bootstrap tree #156, logLikelihood: -73755.512306
[03:32:46] Bootstrap tree #157, logLikelihood: -74595.957250
[03:33:47] Bootstrap tree #158, logLikelihood: -75876.866649
[03:34:48] Bootstrap tree #159, logLikelihood: -73462.308506
[03:36:42] Bootstrap tree #160, logLikelihood: -73252.608408
[03:37:44] Bootstrap tree #161, logLikelihood: -73996.823075
[03:38:47] Bootstrap tree #162, logLikelihood: -75025.681011
[03:39:58] Bootstrap tree #163, logLikelihood: -75604.165714
[03:41:18] Bootstrap tree #164, logLikelihood: -73786.470573
[03:42:17] Bootstrap tree #165, logLikelihood: -73053.103183
[03:43:20] Bootstrap tree #166, logLikelihood: -75686.487303
[03:44:34] Bootstrap tree #167, logLikelihood: -74156.932887
[03:45:51] Bootstrap tree #168, logLikelihood: -74932.395848
[03:46:52] Bootstrap tree #169, logLikelihood: -75652.937740
[03:47:56] Bootstrap tree #170, logLikelihood: -74958.083067
[03:49:38] Bootstrap tree #171, logLikelihood: -76006.307852
[03:50:52] Bootstrap tree #172, logLikelihood: -74938.449568
[03:51:53] Bootstrap tree #173, logLikelihood: -74022.557619
[03:52:55] Bootstrap tree #174, logLikelihood: -74583.968810
[03:53:58] Bootstrap tree #175, logLikelihood: -74721.510327
[03:55:04] Bootstrap tree #176, logLikelihood: -75894.407204
[03:56:06] Bootstrap tree #177, logLikelihood: -73067.282811
[03:57:22] Bootstrap tree #178, logLikelihood: -73834.408243
[03:58:26] Bootstrap tree #179, logLikelihood: -75414.296077
[03:59:34] Bootstrap tree #180, logLikelihood: -75067.816909
[04:00:53] Bootstrap tree #181, logLikelihood: -76652.701594
[04:02:21] Bootstrap tree #182, logLikelihood: -74438.515587
[04:03:22] Bootstrap tree #183, logLikelihood: -73957.231645
[04:04:28] Bootstrap tree #184, logLikelihood: -76731.284367
[04:05:28] Bootstrap tree #185, logLikelihood: -75611.634654
[04:06:29] Bootstrap tree #186, logLikelihood: -75293.992514
[04:07:49] Bootstrap tree #187, logLikelihood: -74977.000706
[04:08:51] Bootstrap tree #188, logLikelihood: -74577.742020
[04:09:53] Bootstrap tree #189, logLikelihood: -74581.251085
[04:11:01] Bootstrap tree #190, logLikelihood: -74121.798281
[04:12:13] Bootstrap tree #191, logLikelihood: -74581.130718
[04:13:28] Bootstrap tree #192, logLikelihood: -75817.865807
[04:14:31] Bootstrap tree #193, logLikelihood: -74759.692892
[04:15:57] Bootstrap tree #194, logLikelihood: -74341.761355
[04:17:06] Bootstrap tree #195, logLikelihood: -75147.643399
[04:18:13] Bootstrap tree #196, logLikelihood: -75943.519985
[04:19:15] Bootstrap tree #197, logLikelihood: -74433.812286
[04:20:30] Bootstrap tree #198, logLikelihood: -75403.745471
[04:21:33] Bootstrap tree #199, logLikelihood: -73716.233440
[04:22:35] Bootstrap tree #200, logLikelihood: -74125.249757
[04:23:51] Bootstrap tree #201, logLikelihood: -74513.179503
[04:24:58] Bootstrap tree #202, logLikelihood: -74071.410298
[04:26:15] Bootstrap tree #203, logLikelihood: -75779.185226
[04:27:48] Bootstrap tree #204, logLikelihood: -73885.971504
[04:28:52] Bootstrap tree #205, logLikelihood: -74191.780326
[04:29:51] Bootstrap tree #206, logLikelihood: -73036.666740
[04:30:51] Bootstrap tree #207, logLikelihood: -74204.286858
[04:31:55] Bootstrap tree #208, logLikelihood: -76070.037955
[04:33:00] Bootstrap tree #209, logLikelihood: -73705.041933
[04:34:03] Bootstrap tree #210, logLikelihood: -75264.699877
[04:35:08] Bootstrap tree #211, logLikelihood: -74179.818027
[04:36:08] Bootstrap tree #212, logLikelihood: -74786.043470
[04:37:10] Bootstrap tree #213, logLikelihood: -74368.440796
[04:38:54] Bootstrap tree #214, logLikelihood: -75593.487189
[04:39:59] Bootstrap tree #215, logLikelihood: -74175.147871
[04:41:10] Bootstrap tree #216, logLikelihood: -74403.705114
[04:42:13] Bootstrap tree #217, logLikelihood: -75009.158172
[04:43:41] Bootstrap tree #218, logLikelihood: -75472.367338
[04:44:44] Bootstrap tree #219, logLikelihood: -75314.168195
[04:45:45] Bootstrap tree #220, logLikelihood: -75326.529078
[04:46:47] Bootstrap tree #221, logLikelihood: -73544.936485
[04:47:52] Bootstrap tree #222, logLikelihood: -75515.831975
[04:49:02] Bootstrap tree #223, logLikelihood: -74177.200924
[04:50:36] Bootstrap tree #224, logLikelihood: -74500.245947
[04:51:36] Bootstrap tree #225, logLikelihood: -74097.037624
[04:52:42] Bootstrap tree #226, logLikelihood: -75496.556660
[04:53:43] Bootstrap tree #227, logLikelihood: -75548.269808
[04:54:48] Bootstrap tree #228, logLikelihood: -75563.343979
[04:55:49] Bootstrap tree #229, logLikelihood: -74688.498678
[04:56:50] Bootstrap tree #230, logLikelihood: -74434.362878
[04:58:04] Bootstrap tree #231, logLikelihood: -74465.995960
[04:59:10] Bootstrap tree #232, logLikelihood: -74939.222717
[05:00:39] Bootstrap tree #233, logLikelihood: -74246.310667
[05:01:44] Bootstrap tree #234, logLikelihood: -75088.387445
[05:02:48] Bootstrap tree #235, logLikelihood: -75092.751765
[05:04:34] Bootstrap tree #236, logLikelihood: -74866.895001
[05:05:36] Bootstrap tree #237, logLikelihood: -75377.809666
[05:07:11] Bootstrap tree #238, logLikelihood: -74349.202725
[05:08:19] Bootstrap tree #239, logLikelihood: -74440.945339
[05:09:26] Bootstrap tree #240, logLikelihood: -75133.508431
[05:10:30] Bootstrap tree #241, logLikelihood: -75046.428391
[05:11:44] Bootstrap tree #242, logLikelihood: -74443.088706
[05:13:02] Bootstrap tree #243, logLikelihood: -74755.779919
[05:14:21] Bootstrap tree #244, logLikelihood: -76266.608896
[05:15:26] Bootstrap tree #245, logLikelihood: -75116.195134
[05:16:32] Bootstrap tree #246, logLikelihood: -73655.648187
[05:17:35] Bootstrap tree #247, logLikelihood: -73869.608273
[05:18:38] Bootstrap tree #248, logLikelihood: -75566.894997
[05:19:49] Bootstrap tree #249, logLikelihood: -74520.418791
[05:20:52] Bootstrap tree #250, logLikelihood: -76047.823066
[05:21:59] Bootstrap tree #251, logLikelihood: -74159.870223
[05:23:13] Bootstrap tree #252, logLikelihood: -74815.984892
[05:24:16] Bootstrap tree #253, logLikelihood: -74567.444236
[05:25:28] Bootstrap tree #254, logLikelihood: -73433.710998
[05:26:30] Bootstrap tree #255, logLikelihood: -74971.667296
[05:27:35] Bootstrap tree #256, logLikelihood: -75138.485461
[05:28:46] Bootstrap tree #257, logLikelihood: -74250.283976
[05:29:49] Bootstrap tree #258, logLikelihood: -75064.459229
[05:30:50] Bootstrap tree #259, logLikelihood: -74414.488441
[05:32:12] Bootstrap tree #260, logLikelihood: -73961.372171
[05:33:16] Bootstrap tree #261, logLikelihood: -75074.272111
[05:34:22] Bootstrap tree #262, logLikelihood: -75119.202947
[05:35:27] Bootstrap tree #263, logLikelihood: -75053.634684
[05:36:33] Bootstrap tree #264, logLikelihood: -75168.281828
[05:37:38] Bootstrap tree #265, logLikelihood: -75280.164871
[05:39:10] Bootstrap tree #266, logLikelihood: -75780.347115
[05:40:21] Bootstrap tree #267, logLikelihood: -74199.389394
[05:41:23] Bootstrap tree #268, logLikelihood: -75302.334447
[05:42:27] Bootstrap tree #269, logLikelihood: -75379.707349
[05:43:37] Bootstrap tree #270, logLikelihood: -73371.165865
[05:44:55] Bootstrap tree #271, logLikelihood: -73563.862774
[05:46:03] Bootstrap tree #272, logLikelihood: -75406.908763
[05:47:08] Bootstrap tree #273, logLikelihood: -75094.410817
[05:48:06] Bootstrap tree #274, logLikelihood: -74536.818640
[05:49:09] Bootstrap tree #275, logLikelihood: -75585.363193
[05:50:13] Bootstrap tree #276, logLikelihood: -73597.208121
[05:51:14] Bootstrap tree #277, logLikelihood: -73905.637702
[05:52:18] Bootstrap tree #278, logLikelihood: -75024.564799
[05:53:21] Bootstrap tree #279, logLikelihood: -75490.475682
[05:54:25] Bootstrap tree #280, logLikelihood: -74791.370546
[05:55:38] Bootstrap tree #281, logLikelihood: -75773.950603
[05:56:50] Bootstrap tree #282, logLikelihood: -75282.331692
[05:57:52] Bootstrap tree #283, logLikelihood: -73768.858248
[05:58:57] Bootstrap tree #284, logLikelihood: -74625.288317
[06:00:17] Bootstrap tree #285, logLikelihood: -75460.643937
[06:01:23] Bootstrap tree #286, logLikelihood: -74526.336356
[06:02:24] Bootstrap tree #287, logLikelihood: -75173.768747
[06:03:26] Bootstrap tree #288, logLikelihood: -74560.710030
[06:04:29] Bootstrap tree #289, logLikelihood: -74595.447668
[06:05:44] Bootstrap tree #290, logLikelihood: -74422.617512
[06:06:48] Bootstrap tree #291, logLikelihood: -75624.078084
[06:08:11] Bootstrap tree #292, logLikelihood: -76457.049200
[06:09:16] Bootstrap tree #293, logLikelihood: -74360.544599
[06:10:22] Bootstrap tree #294, logLikelihood: -75776.115367
[06:11:37] Bootstrap tree #295, logLikelihood: -75561.690144
[06:12:44] Bootstrap tree #296, logLikelihood: -75407.068037
[06:13:43] Bootstrap tree #297, logLikelihood: -75010.776950
[06:15:02] Bootstrap tree #298, logLikelihood: -75105.015153
[06:16:08] Bootstrap tree #299, logLikelihood: -73647.173922
[06:17:22] Bootstrap tree #300, logLikelihood: -74720.124425
[06:18:27] Bootstrap tree #301, logLikelihood: -75920.676456
[06:19:32] Bootstrap tree #302, logLikelihood: -76063.025125
[06:20:37] Bootstrap tree #303, logLikelihood: -75845.831967
[06:21:42] Bootstrap tree #304, logLikelihood: -73900.945924
[06:22:43] Bootstrap tree #305, logLikelihood: -74380.767581
[06:23:45] Bootstrap tree #306, logLikelihood: -75040.815293
[06:24:50] Bootstrap tree #307, logLikelihood: -75010.417565
[06:26:24] Bootstrap tree #308, logLikelihood: -74885.580774
[06:27:27] Bootstrap tree #309, logLikelihood: -73919.123568
[06:28:30] Bootstrap tree #310, logLikelihood: -73377.085132
[06:29:35] Bootstrap tree #311, logLikelihood: -74772.431305
[06:30:43] Bootstrap tree #312, logLikelihood: -75513.252193
[06:31:45] Bootstrap tree #313, logLikelihood: -75499.158498
[06:32:54] Bootstrap tree #314, logLikelihood: -74635.833009
[06:33:58] Bootstrap tree #315, logLikelihood: -76453.059263
[06:34:59] Bootstrap tree #316, logLikelihood: -74460.983362
[06:36:04] Bootstrap tree #317, logLikelihood: -75915.092978
[06:37:08] Bootstrap tree #318, logLikelihood: -73386.587972
[06:38:22] Bootstrap tree #319, logLikelihood: -74339.669715
[06:39:36] Bootstrap tree #320, logLikelihood: -73966.752709
[06:40:41] Bootstrap tree #321, logLikelihood: -73946.017817
[06:42:10] Bootstrap tree #322, logLikelihood: -74460.660133
[06:43:18] Bootstrap tree #323, logLikelihood: -75152.405140
[06:44:33] Bootstrap tree #324, logLikelihood: -74130.533724
[06:45:40] Bootstrap tree #325, logLikelihood: -76461.358874
[06:46:48] Bootstrap tree #326, logLikelihood: -75431.359584
[06:48:00] Bootstrap tree #327, logLikelihood: -75588.479205
[06:49:05] Bootstrap tree #328, logLikelihood: -73659.144065
[06:50:12] Bootstrap tree #329, logLikelihood: -75421.744161
[06:51:17] Bootstrap tree #330, logLikelihood: -73888.425274
[06:52:46] Bootstrap tree #331, logLikelihood: -75551.222372
[06:53:47] Bootstrap tree #332, logLikelihood: -74880.358543
[06:54:48] Bootstrap tree #333, logLikelihood: -73273.204016
[06:55:50] Bootstrap tree #334, logLikelihood: -75441.670366
[06:56:57] Bootstrap tree #335, logLikelihood: -74743.420018
[06:57:57] Bootstrap tree #336, logLikelihood: -74339.214268
[06:59:06] Bootstrap tree #337, logLikelihood: -74009.127011
[07:00:09] Bootstrap tree #338, logLikelihood: -74877.777545
[07:01:13] Bootstrap tree #339, logLikelihood: -74672.406214
[07:02:20] Bootstrap tree #340, logLikelihood: -76240.421935
[07:03:26] Bootstrap tree #341, logLikelihood: -75024.299870
[07:04:55] Bootstrap tree #342, logLikelihood: -75572.856846
[07:06:11] Bootstrap tree #343, logLikelihood: -76011.311936
[07:07:17] Bootstrap tree #344, logLikelihood: -74599.686955
[07:08:18] Bootstrap tree #345, logLikelihood: -73362.740038
[07:09:20] Bootstrap tree #346, logLikelihood: -76132.932317
[07:10:27] Bootstrap tree #347, logLikelihood: -73109.843779
[07:11:30] Bootstrap tree #348, logLikelihood: -74186.357999
[07:12:45] Bootstrap tree #349, logLikelihood: -74995.258933
[07:14:25] Bootstrap tree #350, logLikelihood: -74630.932699
[07:15:57] Bootstrap tree #351, logLikelihood: -72859.690876
[07:17:05] Bootstrap tree #352, logLikelihood: -75028.802718
[07:18:08] Bootstrap tree #353, logLikelihood: -74441.206067
[07:19:10] Bootstrap tree #354, logLikelihood: -73946.835209
[07:20:12] Bootstrap tree #355, logLikelihood: -74027.507587
[07:21:16] Bootstrap tree #356, logLikelihood: -75318.928313
[07:22:20] Bootstrap tree #357, logLikelihood: -74807.366604
[07:23:26] Bootstrap tree #358, logLikelihood: -75220.907106
[07:24:31] Bootstrap tree #359, logLikelihood: -74620.487434
[07:25:56] Bootstrap tree #360, logLikelihood: -73593.873994
[07:26:59] Bootstrap tree #361, logLikelihood: -74624.803518
[07:28:27] Bootstrap tree #362, logLikelihood: -74801.686162
[07:29:31] Bootstrap tree #363, logLikelihood: -75685.045739
[07:30:33] Bootstrap tree #364, logLikelihood: -73646.756467
[07:31:50] Bootstrap tree #365, logLikelihood: -73854.676625
[07:33:16] Bootstrap tree #366, logLikelihood: -75820.865663
[07:34:33] Bootstrap tree #367, logLikelihood: -75138.000376
[07:35:35] Bootstrap tree #368, logLikelihood: -74774.705556
[07:36:33] Bootstrap tree #369, logLikelihood: -75600.187870
[07:37:35] Bootstrap tree #370, logLikelihood: -73946.332417
[07:38:41] Bootstrap tree #371, logLikelihood: -76239.200005
[07:40:03] Bootstrap tree #372, logLikelihood: -75801.938745
[07:41:07] Bootstrap tree #373, logLikelihood: -74298.727069
[07:42:13] Bootstrap tree #374, logLikelihood: -73895.853140
[07:43:29] Bootstrap tree #375, logLikelihood: -73883.472506
[07:44:46] Bootstrap tree #376, logLikelihood: -75137.789215
[07:45:49] Bootstrap tree #377, logLikelihood: -74370.923817
[07:47:13] Bootstrap tree #378, logLikelihood: -74913.589464
[07:48:34] Bootstrap tree #379, logLikelihood: -75475.224324
[07:49:38] Bootstrap tree #380, logLikelihood: -73803.607397
[07:50:40] Bootstrap tree #381, logLikelihood: -74346.077692
[07:52:08] Bootstrap tree #382, logLikelihood: -73801.470018
[07:53:10] Bootstrap tree #383, logLikelihood: -74849.526965
[07:54:12] Bootstrap tree #384, logLikelihood: -73692.808747
[07:55:14] Bootstrap tree #385, logLikelihood: -73683.162510
[07:56:31] Bootstrap tree #386, logLikelihood: -74387.928673
[07:57:30] Bootstrap tree #387, logLikelihood: -76151.141217
[07:58:35] Bootstrap tree #388, logLikelihood: -75785.731712
[07:59:52] Bootstrap tree #389, logLikelihood: -74981.306765
[08:01:06] Bootstrap tree #390, logLikelihood: -76435.808991
[08:02:19] Bootstrap tree #391, logLikelihood: -74461.859309
[08:03:26] Bootstrap tree #392, logLikelihood: -72873.312897
[08:04:37] Bootstrap tree #393, logLikelihood: -74873.705590
[08:05:44] Bootstrap tree #394, logLikelihood: -75155.627958
[08:06:51] Bootstrap tree #395, logLikelihood: -75338.235420
[08:07:52] Bootstrap tree #396, logLikelihood: -74279.896146
[08:08:56] Bootstrap tree #397, logLikelihood: -74544.620420
[08:10:00] Bootstrap tree #398, logLikelihood: -75024.712188
[08:11:02] Bootstrap tree #399, logLikelihood: -74025.618341
[08:12:11] Bootstrap tree #400, logLikelihood: -73810.634839
[08:13:15] Bootstrap tree #401, logLikelihood: -75142.736641
[08:14:15] Bootstrap tree #402, logLikelihood: -72638.782160
[08:15:20] Bootstrap tree #403, logLikelihood: -74187.053777
[08:16:24] Bootstrap tree #404, logLikelihood: -74308.566439
[08:17:53] Bootstrap tree #405, logLikelihood: -75673.349186
[08:18:57] Bootstrap tree #406, logLikelihood: -76188.224568
[08:19:58] Bootstrap tree #407, logLikelihood: -74627.155645
[08:21:04] Bootstrap tree #408, logLikelihood: -74534.141079
[08:22:26] Bootstrap tree #409, logLikelihood: -75465.018255
[08:23:30] Bootstrap tree #410, logLikelihood: -75670.512091
[08:24:35] Bootstrap tree #411, logLikelihood: -75540.026903
[08:25:38] Bootstrap tree #412, logLikelihood: -74557.871206
[08:26:45] Bootstrap tree #413, logLikelihood: -73728.027358
[08:27:47] Bootstrap tree #414, logLikelihood: -75479.276609
[08:28:47] Bootstrap tree #415, logLikelihood: -75875.888768
[08:30:08] Bootstrap tree #416, logLikelihood: -73893.140880
[08:31:14] Bootstrap tree #417, logLikelihood: -73188.820245
[08:32:19] Bootstrap tree #418, logLikelihood: -74079.105838
[08:33:20] Bootstrap tree #419, logLikelihood: -74219.228874
[08:35:16] Bootstrap tree #420, logLikelihood: -74918.257907
[08:36:19] Bootstrap tree #421, logLikelihood: -76447.096389
[08:37:22] Bootstrap tree #422, logLikelihood: -74943.671379
[08:38:22] Bootstrap tree #423, logLikelihood: -73496.859206
[08:39:31] Bootstrap tree #424, logLikelihood: -75919.516083
[08:40:29] Bootstrap tree #425, logLikelihood: -74457.720854
[08:41:33] Bootstrap tree #426, logLikelihood: -74908.559595
[08:42:37] Bootstrap tree #427, logLikelihood: -73712.768692
[08:43:42] Bootstrap tree #428, logLikelihood: -74401.014084
[08:45:08] Bootstrap tree #429, logLikelihood: -74666.317975
[08:46:24] Bootstrap tree #430, logLikelihood: -76617.136071
[08:47:31] Bootstrap tree #431, logLikelihood: -74424.141434
[08:48:40] Bootstrap tree #432, logLikelihood: -74631.522984
[08:49:57] Bootstrap tree #433, logLikelihood: -75115.531593
[08:51:35] Bootstrap tree #434, logLikelihood: -75255.266874
[08:52:38] Bootstrap tree #435, logLikelihood: -75529.573965
[08:53:56] Bootstrap tree #436, logLikelihood: -75437.095405
[08:55:17] Bootstrap tree #437, logLikelihood: -73316.003512
[08:56:20] Bootstrap tree #438, logLikelihood: -74573.147552
[08:57:25] Bootstrap tree #439, logLikelihood: -74566.742140
[08:58:28] Bootstrap tree #440, logLikelihood: -74547.780432
[08:59:44] Bootstrap tree #441, logLikelihood: -76477.300079
[09:00:46] Bootstrap tree #442, logLikelihood: -75612.744984
[09:01:58] Bootstrap tree #443, logLikelihood: -74606.913337
[09:03:03] Bootstrap tree #444, logLikelihood: -75514.336647
[09:04:07] Bootstrap tree #445, logLikelihood: -76694.680023
[09:05:11] Bootstrap tree #446, logLikelihood: -76756.631829
[09:06:18] Bootstrap tree #447, logLikelihood: -73597.797666
[09:07:21] Bootstrap tree #448, logLikelihood: -74916.811387
[09:08:42] Bootstrap tree #449, logLikelihood: -73798.968998
[09:10:00] Bootstrap tree #450, logLikelihood: -75870.070023
[09:10:05] Bootstrapping converged after 450 replicates.

Optimized model parameters:

   Partition 0: noname
   Rate heterogeneity: GAMMA (4 cats, mean),  alpha: 1.527324 (ML),  weights&rates: (0.250000,0.229513) (0.250000,0.593042) (0.250000,1.051987) (0.250000,2.125458) 
   P-inv (ML): 0.452020
   Base frequencies (ML): 0.335138 0.220874 0.242251 0.201737 
   Substitution rates (ML): 1.166486 11.156442 1.662871 0.734642 33.156315 1.000000 


Final LogLikelihood: -75088.554197

AIC score: 151071.108393 / AICc score: 151108.771737 / BIC score: 154340.054013
Free parameters (model + branch lengths): 447

WARNING: Best ML tree contains 42 near-zero branches!

Best ML tree with collapsed near-zero branches saved to: /home/cbrook/denv2ML/T3.raxml.bestTreeCollapsed
Best ML tree saved to: /home/cbrook/denv2ML/T3.raxml.bestTree
All ML trees saved to: /home/cbrook/denv2ML/T3.raxml.mlTrees
Best ML tree with Felsenstein bootstrap (FBP) support values saved to: /home/cbrook/denv2ML/T3.raxml.supportFBP
Best ML tree with Transfer bootstrap (TBE) support values saved to: /home/cbrook/denv2ML/T3.raxml.supportTBE
Optimized model saved to: /home/cbrook/denv2ML/T3.raxml.bestModel
Bootstrap trees saved to: /home/cbrook/denv2ML/T3.raxml.bootstraps

Execution log saved to: /home/cbrook/denv2ML/T3.raxml.log

Analysis started: 06-Mar-2024 17:32:50 / finished: 07-Mar-2024 02:42:55

Elapsed time: 33005.715 seconds

Consumed energy: 1415.818 Wh (= 7 km in an electric car, or 35 km with an e-scooter!)

