
RAxML-NG v. 1.1.0-master released on 22.06.2022 by The Exelixis Lab.
Developed by: Alexey M. Kozlov and Alexandros Stamatakis.
Contributors: Diego Darriba, Tomas Flouri, Benoit Morel, Sarah Lutteropp, Ben Bettisworth.
Latest version: https://github.com/amkozlov/raxml-ng
Questions/problems/suggestions? Please visit: https://groups.google.com/forum/#!forum/raxml

System: Intel(R) Xeon(R) CPU E5-2680 v4 @ 2.40GHz, 28 cores, 251 GB RAM

RAxML-NG was called at 10-May-2023 11:34:41 as follows:

/project2/cbrook/software/raxml-ng/bin/raxml-ng-mpi --check --msa DENV2alignedML.fasta --model GTR+I+G4 --prefix T1

Analysis options:
  run mode: Alignment validation
  start tree(s): 
  random seed: 1683736482
  SIMD kernels: AVX2
  parallelization: coarse-grained (auto), PTHREADS (auto)

[00:00:00] Reading alignment from file: DENV2alignedML.fasta
[00:00:00] Loaded alignment with 157 taxa and 11082 sites

Alignment comprises 1 partitions and 11082 sites

Partition 0: noname
Model: GTR+FO+I+G4m
Alignment sites: 11082
Gaps: 4.06 %
Invariant sites: 55.10 %



Alignment can be successfully read by RAxML-NG.


Execution log saved to: /home/cbrook/denv2ML/T1.raxml.log

Analysis started: 10-May-2023 11:34:41 / finished: 10-May-2023 11:34:42

Elapsed time: 0.317 seconds

