
RAxML-NG v. 1.1.0-master released on 22.06.2022 by The Exelixis Lab.
Developed by: Alexey M. Kozlov and Alexandros Stamatakis.
Contributors: Diego Darriba, Tomas Flouri, Benoit Morel, Sarah Lutteropp, Ben Bettisworth.
Latest version: https://github.com/amkozlov/raxml-ng
Questions/problems/suggestions? Please visit: https://groups.google.com/forum/#!forum/raxml

System: Intel(R) Xeon(R) CPU E5-2680 v4 @ 2.40GHz, 28 cores, 62 GB RAM

RAxML-NG was called at 10-May-2023 12:07:28 as follows:

/project2/cbrook/software/raxml-ng/bin/raxml-ng-mpi --all --msa DENV2alignedML.fasta --model GTR+I+G4 --prefix T3 --seed 12 --threads 6 --bs-metric fbp,tbe

Analysis options:
  run mode: ML tree search + bootstrapping (Felsenstein Bootstrap + Transfer Bootstrap)
  start tree(s): random (10) + parsimony (10)
  bootstrap replicates: max: 1000 + bootstopping (autoMRE, cutoff: 0.030000)
  random seed: 12
  tip-inner: OFF
  pattern compression: ON
  per-rate scalers: OFF
  site repeats: ON
  branch lengths: proportional (ML estimate, algorithm: NR-FAST)
  SIMD kernels: AVX2
  parallelization: coarse-grained (auto), PTHREADS (6 threads), thread pinning: ON

[00:00:02] Reading alignment from file: DENV2alignedML.fasta
[00:00:02] Loaded alignment with 157 taxa and 11082 sites

Alignment comprises 1 partitions and 3312 patterns

Partition 0: noname
Model: GTR+FO+I+G4m
Alignment sites / patterns: 11082 / 3312
Gaps: 4.06 %
Invariant sites: 55.10 %


NOTE: Binary MSA file created: T3.raxml.rba

Parallelization scheme autoconfig: 2 worker(s) x 3 thread(s)

Parallel reduction/worker buffer size: 1 KB  / 0 KB

[00:00:02] Generating 10 random starting tree(s) with 157 taxa
[00:00:02] Generating 10 parsimony starting tree(s) with 157 taxa
[00:00:02] Data distribution: max. partitions/sites/weight per thread: 1 / 1104 / 17664
[00:00:02] Data distribution: max. searches per worker: 510

Starting ML tree search with 20 distinct starting trees

[00:01:38] [worker #1] ML tree search #2, logLikelihood: -71722.285495
[00:01:39] [worker #0] ML tree search #1, logLikelihood: -71722.292243
[00:03:13] [worker #0] ML tree search #3, logLikelihood: -71722.285379
[00:03:16] [worker #1] ML tree search #4, logLikelihood: -71722.287697
[00:04:52] [worker #0] ML tree search #5, logLikelihood: -71739.788405
[00:04:55] [worker #1] ML tree search #6, logLikelihood: -71722.308576
[00:06:27] [worker #0] ML tree search #7, logLikelihood: -71722.281878
[00:06:31] [worker #1] ML tree search #8, logLikelihood: -71722.283384
[00:07:59] [worker #0] ML tree search #9, logLikelihood: -71722.297973
[00:08:03] [worker #1] ML tree search #10, logLikelihood: -71739.378792
[00:09:04] [worker #0] ML tree search #11, logLikelihood: -71739.807278
[00:09:11] [worker #1] ML tree search #12, logLikelihood: -71739.795597
[00:10:11] [worker #0] ML tree search #13, logLikelihood: -71738.073850
[00:10:17] [worker #1] ML tree search #14, logLikelihood: -71722.299175
[00:11:21] [worker #0] ML tree search #15, logLikelihood: -71722.294521
[00:11:22] [worker #1] ML tree search #16, logLikelihood: -71739.802495
[00:12:25] [worker #0] ML tree search #17, logLikelihood: -71722.287633
[00:12:31] [worker #1] ML tree search #18, logLikelihood: -71722.285744
[00:13:30] [worker #0] ML tree search #19, logLikelihood: -71722.287194
[00:13:37] [worker #1] ML tree search #20, logLikelihood: -71722.281470

[00:13:37] ML tree search completed, best tree logLH: -71722.281470

[00:13:37] Starting bootstrapping analysis with 1000 replicates.

[00:14:46] [worker #1] Bootstrap tree #2, logLikelihood: -72281.363775
[00:15:02] [worker #0] Bootstrap tree #1, logLikelihood: -70677.453985
[00:16:03] [worker #0] Bootstrap tree #3, logLikelihood: -71009.417591
[00:16:05] [worker #1] Bootstrap tree #4, logLikelihood: -71329.574634
[00:17:07] [worker #0] Bootstrap tree #5, logLikelihood: -71384.344416
[00:17:16] [worker #1] Bootstrap tree #6, logLikelihood: -70643.286963
[00:18:17] [worker #0] Bootstrap tree #7, logLikelihood: -72373.217248
[00:18:23] [worker #1] Bootstrap tree #8, logLikelihood: -71567.507029
[00:19:20] [worker #1] Bootstrap tree #10, logLikelihood: -71153.960070
[00:19:22] [worker #0] Bootstrap tree #9, logLikelihood: -71306.519369
[00:20:25] [worker #1] Bootstrap tree #12, logLikelihood: -71391.992113
[00:20:50] [worker #0] Bootstrap tree #11, logLikelihood: -72710.490325
[00:21:56] [worker #1] Bootstrap tree #14, logLikelihood: -70318.711589
[00:21:57] [worker #0] Bootstrap tree #13, logLikelihood: -72381.989614
[00:22:58] [worker #1] Bootstrap tree #16, logLikelihood: -71995.171230
[00:23:03] [worker #0] Bootstrap tree #15, logLikelihood: -72081.411846
[00:24:02] [worker #1] Bootstrap tree #18, logLikelihood: -71094.368316
[00:24:12] [worker #0] Bootstrap tree #17, logLikelihood: -72366.659588
[00:25:04] [worker #1] Bootstrap tree #20, logLikelihood: -71021.880466
[00:25:18] [worker #0] Bootstrap tree #19, logLikelihood: -71303.515775
[00:26:02] [worker #1] Bootstrap tree #22, logLikelihood: -69862.155124
[00:26:24] [worker #0] Bootstrap tree #21, logLikelihood: -72394.338711
[00:27:07] [worker #1] Bootstrap tree #24, logLikelihood: -71297.839116
[00:27:24] [worker #0] Bootstrap tree #23, logLikelihood: -71988.192684
[00:28:16] [worker #1] Bootstrap tree #26, logLikelihood: -71203.653838
[00:28:42] [worker #0] Bootstrap tree #25, logLikelihood: -72285.334264
[00:29:18] [worker #1] Bootstrap tree #28, logLikelihood: -70766.650617
[00:29:47] [worker #0] Bootstrap tree #27, logLikelihood: -71954.135970
[00:30:19] [worker #1] Bootstrap tree #30, logLikelihood: -70041.082538
[00:30:57] [worker #0] Bootstrap tree #29, logLikelihood: -72093.547864
[00:31:24] [worker #1] Bootstrap tree #32, logLikelihood: -72197.258878
[00:32:02] [worker #0] Bootstrap tree #31, logLikelihood: -71537.937703
[00:32:24] [worker #1] Bootstrap tree #34, logLikelihood: -72153.449237
[00:33:06] [worker #0] Bootstrap tree #33, logLikelihood: -70249.262293
[00:33:48] [worker #1] Bootstrap tree #36, logLikelihood: -71847.011869
[00:34:27] [worker #0] Bootstrap tree #35, logLikelihood: -71860.636131
[00:34:50] [worker #1] Bootstrap tree #38, logLikelihood: -71798.566858
[00:35:31] [worker #0] Bootstrap tree #37, logLikelihood: -71375.305484
[00:36:07] [worker #1] Bootstrap tree #40, logLikelihood: -71665.435754
[00:36:37] [worker #0] Bootstrap tree #39, logLikelihood: -71356.772158
[00:37:08] [worker #1] Bootstrap tree #42, logLikelihood: -70820.036512
[00:38:07] [worker #0] Bootstrap tree #41, logLikelihood: -71148.162909
[00:38:11] [worker #1] Bootstrap tree #44, logLikelihood: -70619.182457
[00:39:13] [worker #0] Bootstrap tree #43, logLikelihood: -71000.547807
[00:39:20] [worker #1] Bootstrap tree #46, logLikelihood: -71618.527402
[00:40:27] [worker #1] Bootstrap tree #48, logLikelihood: -70832.336699
[00:40:31] [worker #0] Bootstrap tree #45, logLikelihood: -72011.136843
[00:41:44] [worker #1] Bootstrap tree #50, logLikelihood: -70877.895517
[00:42:02] [worker #0] Bootstrap tree #47, logLikelihood: -71834.913058
[00:43:04] [worker #0] Bootstrap tree #49, logLikelihood: -71956.343198
[00:44:06] [worker #1] Bootstrap tree #52, logLikelihood: -70921.254962
[00:44:09] [worker #0] Bootstrap tree #51, logLikelihood: -71988.121171
[00:45:05] [worker #1] Bootstrap tree #54, logLikelihood: -72033.879276
[00:45:13] [worker #0] Bootstrap tree #53, logLikelihood: -72517.679269
[00:46:11] [worker #1] Bootstrap tree #56, logLikelihood: -71277.141859
[00:46:16] [worker #0] Bootstrap tree #55, logLikelihood: -70820.166221
[00:47:11] [worker #1] Bootstrap tree #58, logLikelihood: -70612.835482
[00:47:20] [worker #0] Bootstrap tree #57, logLikelihood: -70788.409982
[00:48:21] [worker #1] Bootstrap tree #60, logLikelihood: -70832.397708
[00:48:40] [worker #0] Bootstrap tree #59, logLikelihood: -71634.951698
[00:49:24] [worker #1] Bootstrap tree #62, logLikelihood: -71154.272515
[00:49:44] [worker #0] Bootstrap tree #61, logLikelihood: -70850.494214
[00:50:51] [worker #1] Bootstrap tree #64, logLikelihood: -72564.885101
[00:51:12] [worker #0] Bootstrap tree #63, logLikelihood: -71264.355684
[00:51:59] [worker #1] Bootstrap tree #66, logLikelihood: -71586.357951
[00:52:17] [worker #0] Bootstrap tree #65, logLikelihood: -71686.172131
[00:53:02] [worker #1] Bootstrap tree #68, logLikelihood: -71200.204023
[00:53:34] [worker #0] Bootstrap tree #67, logLikelihood: -71752.863954
[00:54:11] [worker #1] Bootstrap tree #70, logLikelihood: -71159.730340
[00:54:59] [worker #0] Bootstrap tree #69, logLikelihood: -71460.388993
[00:55:13] [worker #1] Bootstrap tree #72, logLikelihood: -70924.701151
[00:56:04] [worker #0] Bootstrap tree #71, logLikelihood: -71340.756162
[00:56:20] [worker #1] Bootstrap tree #74, logLikelihood: -70935.883433
[00:57:09] [worker #0] Bootstrap tree #73, logLikelihood: -71521.137387
[00:57:23] [worker #1] Bootstrap tree #76, logLikelihood: -71222.708686
[00:58:14] [worker #0] Bootstrap tree #75, logLikelihood: -70461.699686
[00:58:23] [worker #1] Bootstrap tree #78, logLikelihood: -72217.266755
[00:59:20] [worker #0] Bootstrap tree #77, logLikelihood: -72487.083907
[00:59:26] [worker #1] Bootstrap tree #80, logLikelihood: -71403.575370
[01:00:22] [worker #0] Bootstrap tree #79, logLikelihood: -72602.448856
[01:01:04] [worker #1] Bootstrap tree #82, logLikelihood: -71746.387412
[01:01:35] [worker #0] Bootstrap tree #81, logLikelihood: -71170.994192
[01:02:26] [worker #1] Bootstrap tree #84, logLikelihood: -72133.360626
[01:02:39] [worker #0] Bootstrap tree #83, logLikelihood: -70898.966198
[01:03:45] [worker #1] Bootstrap tree #86, logLikelihood: -71446.237243
[01:03:45] [worker #0] Bootstrap tree #85, logLikelihood: -70664.807350
[01:04:48] [worker #1] Bootstrap tree #88, logLikelihood: -70189.084241
[01:04:50] [worker #0] Bootstrap tree #87, logLikelihood: -71457.136299
[01:05:48] [worker #1] Bootstrap tree #90, logLikelihood: -72413.642433
[01:06:07] [worker #0] Bootstrap tree #89, logLikelihood: -70520.863933
[01:06:54] [worker #1] Bootstrap tree #92, logLikelihood: -69850.622171
[01:07:44] [worker #0] Bootstrap tree #91, logLikelihood: -71204.293661
[01:07:53] [worker #1] Bootstrap tree #94, logLikelihood: -70596.109295
[01:08:47] [worker #0] Bootstrap tree #93, logLikelihood: -72473.799336
[01:09:21] [worker #1] Bootstrap tree #96, logLikelihood: -71434.247683
[01:09:49] [worker #0] Bootstrap tree #95, logLikelihood: -70474.970611
[01:10:24] [worker #1] Bootstrap tree #98, logLikelihood: -71905.400686
[01:11:05] [worker #0] Bootstrap tree #97, logLikelihood: -70381.343825
[01:12:04] [worker #1] Bootstrap tree #100, logLikelihood: -71526.611915
[01:12:25] [worker #0] Bootstrap tree #99, logLikelihood: -70640.887632
[01:13:24] [worker #1] Bootstrap tree #102, logLikelihood: -70685.569438
[01:13:54] [worker #0] Bootstrap tree #101, logLikelihood: -70965.159552
[01:14:22] [worker #1] Bootstrap tree #104, logLikelihood: -71221.683820
[01:14:55] [worker #0] Bootstrap tree #103, logLikelihood: -71817.116306
[01:15:22] [worker #1] Bootstrap tree #106, logLikelihood: -71313.370051
[01:15:58] [worker #0] Bootstrap tree #105, logLikelihood: -70761.578707
[01:16:22] [worker #1] Bootstrap tree #108, logLikelihood: -70700.893446
[01:17:00] [worker #0] Bootstrap tree #107, logLikelihood: -70404.916366
[01:17:21] [worker #1] Bootstrap tree #110, logLikelihood: -71263.029296
[01:18:00] [worker #0] Bootstrap tree #109, logLikelihood: -71414.459089
[01:18:26] [worker #1] Bootstrap tree #112, logLikelihood: -72164.375959
[01:19:00] [worker #0] Bootstrap tree #111, logLikelihood: -71913.660147
[01:19:57] [worker #0] Bootstrap tree #113, logLikelihood: -70381.188549
[01:20:20] [worker #1] Bootstrap tree #114, logLikelihood: -70343.694997
[01:20:58] [worker #0] Bootstrap tree #115, logLikelihood: -72716.009000
[01:21:18] [worker #1] Bootstrap tree #116, logLikelihood: -72401.149185
[01:22:00] [worker #0] Bootstrap tree #117, logLikelihood: -71132.066623
[01:22:18] [worker #1] Bootstrap tree #118, logLikelihood: -71171.637024
[01:23:04] [worker #0] Bootstrap tree #119, logLikelihood: -71218.932266
[01:23:16] [worker #1] Bootstrap tree #120, logLikelihood: -71290.847833
[01:24:16] [worker #1] Bootstrap tree #122, logLikelihood: -70324.225320
[01:24:29] [worker #0] Bootstrap tree #121, logLikelihood: -69995.788909
[01:25:14] [worker #1] Bootstrap tree #124, logLikelihood: -71762.421474
[01:25:33] [worker #0] Bootstrap tree #123, logLikelihood: -70688.772848
[01:26:15] [worker #1] Bootstrap tree #126, logLikelihood: -72340.317689
[01:26:49] [worker #0] Bootstrap tree #125, logLikelihood: -71049.704336
[01:27:10] [worker #1] Bootstrap tree #128, logLikelihood: -72717.044032
[01:27:52] [worker #0] Bootstrap tree #127, logLikelihood: -71635.300630
[01:28:09] [worker #1] Bootstrap tree #130, logLikelihood: -71465.140596
[01:28:56] [worker #0] Bootstrap tree #129, logLikelihood: -71978.103474
[01:29:10] [worker #1] Bootstrap tree #132, logLikelihood: -71978.918810
[01:29:57] [worker #0] Bootstrap tree #131, logLikelihood: -71079.633500
[01:30:12] [worker #1] Bootstrap tree #134, logLikelihood: -70827.516904
[01:31:03] [worker #0] Bootstrap tree #133, logLikelihood: -70601.820343
[01:31:57] [worker #1] Bootstrap tree #136, logLikelihood: -70438.755056
[01:32:10] [worker #0] Bootstrap tree #135, logLikelihood: -71514.368617
[01:32:56] [worker #1] Bootstrap tree #138, logLikelihood: -70795.622687
[01:33:10] [worker #0] Bootstrap tree #137, logLikelihood: -70482.223142
[01:33:54] [worker #1] Bootstrap tree #140, logLikelihood: -71251.711568
[01:34:13] [worker #0] Bootstrap tree #139, logLikelihood: -72253.953865
[01:34:56] [worker #1] Bootstrap tree #142, logLikelihood: -70636.621266
[01:35:54] [worker #0] Bootstrap tree #141, logLikelihood: -71809.561261
[01:35:57] [worker #1] Bootstrap tree #144, logLikelihood: -71959.196151
[01:36:57] [worker #1] Bootstrap tree #146, logLikelihood: -70966.818663
[01:37:29] [worker #0] Bootstrap tree #143, logLikelihood: -71718.925125
[01:38:00] [worker #1] Bootstrap tree #148, logLikelihood: -71263.444499
[01:38:33] [worker #0] Bootstrap tree #145, logLikelihood: -72431.728853
[01:39:21] [worker #1] Bootstrap tree #150, logLikelihood: -70571.134928
[01:39:40] [worker #0] Bootstrap tree #147, logLikelihood: -71354.982376
[01:40:46] [worker #0] Bootstrap tree #149, logLikelihood: -71051.681934
[01:41:50] [worker #1] Bootstrap tree #152, logLikelihood: -71277.187857
[01:41:56] [worker #0] Bootstrap tree #151, logLikelihood: -72049.608431
[01:42:52] [worker #1] Bootstrap tree #154, logLikelihood: -71193.234840
[01:43:00] [worker #0] Bootstrap tree #153, logLikelihood: -71583.226229
[01:44:12] [worker #1] Bootstrap tree #156, logLikelihood: -71739.514458
[01:44:18] [worker #0] Bootstrap tree #155, logLikelihood: -71783.013670
[01:45:21] [worker #0] Bootstrap tree #157, logLikelihood: -71293.492121
[01:45:23] [worker #1] Bootstrap tree #158, logLikelihood: -71603.908761
[01:46:21] [worker #1] Bootstrap tree #160, logLikelihood: -70352.413250
[01:46:24] [worker #0] Bootstrap tree #159, logLikelihood: -70401.592362
[01:47:18] [worker #1] Bootstrap tree #162, logLikelihood: -71468.616055
[01:47:50] [worker #0] Bootstrap tree #161, logLikelihood: -71415.494038
[01:48:19] [worker #1] Bootstrap tree #164, logLikelihood: -70735.911208
[01:48:55] [worker #0] Bootstrap tree #163, logLikelihood: -72158.739144
[01:49:19] [worker #1] Bootstrap tree #166, logLikelihood: -72346.768780
[01:49:58] [worker #0] Bootstrap tree #165, logLikelihood: -71060.392289
[01:50:35] [worker #1] Bootstrap tree #168, logLikelihood: -71267.605457
[01:51:03] [worker #0] Bootstrap tree #167, logLikelihood: -70877.592816
[01:51:35] [worker #1] Bootstrap tree #170, logLikelihood: -71180.482552
[01:52:11] [worker #0] Bootstrap tree #169, logLikelihood: -72420.145778
[01:52:33] [worker #1] Bootstrap tree #172, logLikelihood: -71136.791378
[01:53:16] [worker #0] Bootstrap tree #171, logLikelihood: -71974.290605
[01:53:32] [worker #1] Bootstrap tree #174, logLikelihood: -71450.888342
[01:54:18] [worker #0] Bootstrap tree #173, logLikelihood: -71400.785276
[01:54:32] [worker #1] Bootstrap tree #176, logLikelihood: -71802.541048
[01:55:31] [worker #0] Bootstrap tree #175, logLikelihood: -71241.345171
[01:56:11] [worker #1] Bootstrap tree #178, logLikelihood: -71482.826040
[01:56:48] [worker #0] Bootstrap tree #177, logLikelihood: -70343.461471
[01:57:13] [worker #1] Bootstrap tree #180, logLikelihood: -71805.808046
[01:57:51] [worker #0] Bootstrap tree #179, logLikelihood: -70699.473507
[01:58:12] [worker #1] Bootstrap tree #182, logLikelihood: -71091.597591
[01:58:55] [worker #0] Bootstrap tree #181, logLikelihood: -71800.506772
[01:59:13] [worker #1] Bootstrap tree #184, logLikelihood: -73347.546588
[02:00:11] [worker #0] Bootstrap tree #183, logLikelihood: -70230.031425
[02:00:14] [worker #1] Bootstrap tree #186, logLikelihood: -71915.566717
[02:01:14] [worker #0] Bootstrap tree #185, logLikelihood: -71719.090678
[02:01:15] [worker #1] Bootstrap tree #188, logLikelihood: -70714.027651
[02:02:20] [worker #1] Bootstrap tree #190, logLikelihood: -70979.557212
[02:02:25] [worker #0] Bootstrap tree #187, logLikelihood: -72239.890992
[02:03:21] [worker #1] Bootstrap tree #192, logLikelihood: -71064.758647
[02:03:26] [worker #0] Bootstrap tree #189, logLikelihood: -71544.521657
[02:04:31] [worker #0] Bootstrap tree #191, logLikelihood: -71101.711943
[02:04:37] [worker #1] Bootstrap tree #194, logLikelihood: -71237.794115
[02:05:35] [worker #0] Bootstrap tree #193, logLikelihood: -71620.696072
[02:05:37] [worker #1] Bootstrap tree #196, logLikelihood: -72447.822932
[02:06:41] [worker #0] Bootstrap tree #195, logLikelihood: -72084.621553
[02:07:08] [worker #1] Bootstrap tree #198, logLikelihood: -72089.463848
[02:07:49] [worker #0] Bootstrap tree #197, logLikelihood: -71658.968699
[02:08:28] [worker #1] Bootstrap tree #200, logLikelihood: -70731.724868
[02:08:52] [worker #0] Bootstrap tree #199, logLikelihood: -71468.482316
[02:09:56] [worker #1] Bootstrap tree #202, logLikelihood: -71775.667248
[02:09:56] [worker #0] Bootstrap tree #201, logLikelihood: -70759.658093
[02:10:54] [worker #1] Bootstrap tree #204, logLikelihood: -70829.503041
[02:11:16] [worker #0] Bootstrap tree #203, logLikelihood: -72211.667051
[02:12:19] [worker #0] Bootstrap tree #205, logLikelihood: -71760.344906
[02:12:23] [worker #1] Bootstrap tree #206, logLikelihood: -70792.392991
[02:13:24] [worker #0] Bootstrap tree #207, logLikelihood: -71336.927992
[02:13:26] [worker #1] Bootstrap tree #208, logLikelihood: -71919.737785
[02:14:27] [worker #0] Bootstrap tree #209, logLikelihood: -70054.613196
[02:14:31] [worker #1] Bootstrap tree #210, logLikelihood: -71760.952253
[02:15:31] [worker #1] Bootstrap tree #212, logLikelihood: -71908.199340
[02:16:11] [worker #0] Bootstrap tree #211, logLikelihood: -71638.430263
[02:16:35] [worker #1] Bootstrap tree #214, logLikelihood: -72966.850171
[02:17:15] [worker #0] Bootstrap tree #213, logLikelihood: -70999.649320
[02:17:36] [worker #1] Bootstrap tree #216, logLikelihood: -71384.617991
[02:18:39] [worker #0] Bootstrap tree #215, logLikelihood: -71357.523171
[02:19:04] [worker #1] Bootstrap tree #218, logLikelihood: -71130.127745
[02:20:07] [worker #1] Bootstrap tree #220, logLikelihood: -71389.524292
[02:20:43] [worker #0] Bootstrap tree #217, logLikelihood: -71161.584194
[02:21:07] [worker #1] Bootstrap tree #222, logLikelihood: -71932.026147
[02:22:05] [worker #0] Bootstrap tree #219, logLikelihood: -70923.709583
[02:22:09] [worker #1] Bootstrap tree #224, logLikelihood: -71939.858627
[02:23:09] [worker #0] Bootstrap tree #221, logLikelihood: -70891.605820
[02:23:10] [worker #1] Bootstrap tree #226, logLikelihood: -72190.831161
[02:24:11] [worker #0] Bootstrap tree #223, logLikelihood: -70316.178735
[02:24:29] [worker #1] Bootstrap tree #228, logLikelihood: -72198.047192
[02:25:15] [worker #0] Bootstrap tree #225, logLikelihood: -70353.827155
[02:25:52] [worker #1] Bootstrap tree #230, logLikelihood: -71505.383719
[02:26:18] [worker #0] Bootstrap tree #227, logLikelihood: -73284.502631
[02:26:58] [worker #1] Bootstrap tree #232, logLikelihood: -71546.146454
[02:27:20] [worker #0] Bootstrap tree #229, logLikelihood: -71471.465892
[02:28:00] [worker #1] Bootstrap tree #234, logLikelihood: -72324.135596
[02:28:46] [worker #0] Bootstrap tree #231, logLikelihood: -71665.758853
[02:29:04] [worker #1] Bootstrap tree #236, logLikelihood: -71904.528374
[02:29:49] [worker #0] Bootstrap tree #233, logLikelihood: -72421.248492
[02:30:03] [worker #1] Bootstrap tree #238, logLikelihood: -70630.893185
[02:30:55] [worker #0] Bootstrap tree #235, logLikelihood: -71704.150890
[02:31:06] [worker #1] Bootstrap tree #240, logLikelihood: -72480.268880
[02:32:02] [worker #0] Bootstrap tree #237, logLikelihood: -71111.227627
[02:32:07] [worker #1] Bootstrap tree #242, logLikelihood: -71185.465784
[02:33:08] [worker #0] Bootstrap tree #239, logLikelihood: -71231.379028
[02:33:09] [worker #1] Bootstrap tree #244, logLikelihood: -72539.080093
[02:34:13] [worker #1] Bootstrap tree #246, logLikelihood: -70440.153630
[02:34:47] [worker #0] Bootstrap tree #241, logLikelihood: -71393.686059
[02:35:16] [worker #1] Bootstrap tree #248, logLikelihood: -71799.793982
[02:36:11] [worker #0] Bootstrap tree #243, logLikelihood: -71582.664991
[02:36:21] [worker #1] Bootstrap tree #250, logLikelihood: -72481.966780
[02:37:14] [worker #0] Bootstrap tree #245, logLikelihood: -72037.291576
[02:38:20] [worker #0] Bootstrap tree #247, logLikelihood: -70035.608386
[02:39:25] [worker #0] Bootstrap tree #249, logLikelihood: -71754.120346
[02:40:32] [worker #0] Bootstrap tree #251, logLikelihood: -70611.064964
[02:41:11] [worker #1] Bootstrap tree #252, logLikelihood: -71012.372580
[02:41:54] [worker #0] Bootstrap tree #253, logLikelihood: -71670.157105
[02:42:11] [worker #1] Bootstrap tree #254, logLikelihood: -70790.004093
[02:43:16] [worker #1] Bootstrap tree #256, logLikelihood: -73016.273473
[02:43:32] [worker #0] Bootstrap tree #255, logLikelihood: -71824.473867
[02:44:34] [worker #1] Bootstrap tree #258, logLikelihood: -72397.937832
[02:45:06] [worker #0] Bootstrap tree #257, logLikelihood: -69768.624531
[02:45:32] [worker #1] Bootstrap tree #260, logLikelihood: -71002.571600
[02:46:11] [worker #0] Bootstrap tree #259, logLikelihood: -72319.898537
[02:46:31] [worker #1] Bootstrap tree #262, logLikelihood: -71054.124727
[02:47:19] [worker #0] Bootstrap tree #261, logLikelihood: -71578.202438
[02:47:32] [worker #1] Bootstrap tree #264, logLikelihood: -72494.649936
[02:48:37] [worker #1] Bootstrap tree #266, logLikelihood: -72084.477920
[02:49:00] [worker #0] Bootstrap tree #263, logLikelihood: -72868.547457
[02:49:41] [worker #1] Bootstrap tree #268, logLikelihood: -71980.794061
[02:50:04] [worker #0] Bootstrap tree #265, logLikelihood: -71298.232777
[02:50:44] [worker #1] Bootstrap tree #270, logLikelihood: -70204.029159
[02:51:12] [worker #0] Bootstrap tree #267, logLikelihood: -71085.631448
[02:51:40] [worker #1] Bootstrap tree #272, logLikelihood: -72612.170900
[02:52:15] [worker #0] Bootstrap tree #269, logLikelihood: -71702.351117
[02:53:04] [worker #1] Bootstrap tree #274, logLikelihood: -72102.205551
[02:53:18] [worker #0] Bootstrap tree #271, logLikelihood: -69929.804907
[02:54:13] [worker #1] Bootstrap tree #276, logLikelihood: -69685.533583
[02:54:25] [worker #0] Bootstrap tree #273, logLikelihood: -71018.522119
[02:55:13] [worker #1] Bootstrap tree #278, logLikelihood: -70733.936016
[02:55:28] [worker #0] Bootstrap tree #275, logLikelihood: -72761.271385
[02:56:14] [worker #1] Bootstrap tree #280, logLikelihood: -71573.522454
[02:57:18] [worker #1] Bootstrap tree #282, logLikelihood: -71430.628102
[02:57:22] [worker #0] Bootstrap tree #277, logLikelihood: -71056.693756
[02:58:19] [worker #1] Bootstrap tree #284, logLikelihood: -70804.970673
[02:58:28] [worker #0] Bootstrap tree #279, logLikelihood: -72447.135264
[02:59:23] [worker #1] Bootstrap tree #286, logLikelihood: -72798.372619
[02:59:53] [worker #0] Bootstrap tree #281, logLikelihood: -71522.904082
[03:00:25] [worker #1] Bootstrap tree #288, logLikelihood: -71231.790092
[03:01:01] [worker #0] Bootstrap tree #283, logLikelihood: -70602.337823
[03:01:28] [worker #1] Bootstrap tree #290, logLikelihood: -71309.399300
[03:02:22] [worker #0] Bootstrap tree #285, logLikelihood: -71807.107425
[03:02:30] [worker #1] Bootstrap tree #292, logLikelihood: -73040.845817
[03:03:25] [worker #0] Bootstrap tree #287, logLikelihood: -71305.050936
[03:03:34] [worker #1] Bootstrap tree #294, logLikelihood: -71750.818703
[03:04:29] [worker #0] Bootstrap tree #289, logLikelihood: -71116.221557
[03:04:35] [worker #1] Bootstrap tree #296, logLikelihood: -71990.991454
[03:05:35] [worker #0] Bootstrap tree #291, logLikelihood: -71727.060224
[03:05:42] [worker #1] Bootstrap tree #298, logLikelihood: -72714.390982
[03:06:39] [worker #0] Bootstrap tree #293, logLikelihood: -72443.557409
[03:06:44] [worker #1] Bootstrap tree #300, logLikelihood: -71622.011576
[03:08:24] [worker #0] Bootstrap tree #295, logLikelihood: -72477.649124
[03:09:47] [worker #0] Bootstrap tree #297, logLikelihood: -71898.813150
[03:10:56] [worker #0] Bootstrap tree #299, logLikelihood: -70989.082931
[03:12:00] [worker #1] Bootstrap tree #302, logLikelihood: -71477.841045
[03:12:14] [worker #0] Bootstrap tree #301, logLikelihood: -71323.639581
[03:13:01] [worker #1] Bootstrap tree #304, logLikelihood: -71102.153964
[03:13:21] [worker #0] Bootstrap tree #303, logLikelihood: -71872.282760
[03:13:59] [worker #1] Bootstrap tree #306, logLikelihood: -71677.729378
[03:14:46] [worker #0] Bootstrap tree #305, logLikelihood: -71315.126861
[03:15:05] [worker #1] Bootstrap tree #308, logLikelihood: -71879.694799
[03:15:52] [worker #0] Bootstrap tree #307, logLikelihood: -71916.234523
[03:16:25] [worker #1] Bootstrap tree #310, logLikelihood: -70505.852787
[03:16:56] [worker #0] Bootstrap tree #309, logLikelihood: -71150.691077
[03:17:28] [worker #1] Bootstrap tree #312, logLikelihood: -70456.153251
[03:18:02] [worker #0] Bootstrap tree #311, logLikelihood: -71290.030760
[03:18:29] [worker #1] Bootstrap tree #314, logLikelihood: -71439.260137
[03:19:02] [worker #0] Bootstrap tree #313, logLikelihood: -72036.960461
[03:19:29] [worker #1] Bootstrap tree #316, logLikelihood: -71593.022727
[03:20:26] [worker #0] Bootstrap tree #315, logLikelihood: -72216.007180
[03:20:31] [worker #1] Bootstrap tree #318, logLikelihood: -70488.796198
[03:21:32] [worker #1] Bootstrap tree #320, logLikelihood: -71448.012984
[03:21:34] [worker #0] Bootstrap tree #317, logLikelihood: -71441.795478
[03:22:37] [worker #1] Bootstrap tree #322, logLikelihood: -71476.626491
[03:22:37] [worker #0] Bootstrap tree #319, logLikelihood: -71414.505211
[03:23:41] [worker #1] Bootstrap tree #324, logLikelihood: -71137.254286
[03:23:45] [worker #0] Bootstrap tree #321, logLikelihood: -70701.971375
[03:24:42] [worker #1] Bootstrap tree #326, logLikelihood: -72144.635951
[03:24:47] [worker #0] Bootstrap tree #323, logLikelihood: -72069.351332
[03:25:46] [worker #1] Bootstrap tree #328, logLikelihood: -70728.567626
[03:25:53] [worker #0] Bootstrap tree #325, logLikelihood: -72796.850672
[03:26:48] [worker #1] Bootstrap tree #330, logLikelihood: -71237.775602
[03:26:54] [worker #0] Bootstrap tree #327, logLikelihood: -73039.650485
[03:27:59] [worker #0] Bootstrap tree #329, logLikelihood: -72375.465663
[03:28:35] [worker #1] Bootstrap tree #332, logLikelihood: -71781.974869
[03:29:32] [worker #0] Bootstrap tree #331, logLikelihood: -71196.599238
[03:29:37] [worker #1] Bootstrap tree #334, logLikelihood: -70744.781683
[03:30:43] [worker #0] Bootstrap tree #333, logLikelihood: -69716.833789
[03:31:00] [worker #1] Bootstrap tree #336, logLikelihood: -71007.912764
[03:32:04] [worker #1] Bootstrap tree #338, logLikelihood: -71984.124985
[03:32:23] [worker #0] Bootstrap tree #335, logLikelihood: -71988.474651
[03:33:05] [worker #1] Bootstrap tree #340, logLikelihood: -72328.820957
[03:33:30] [worker #0] Bootstrap tree #337, logLikelihood: -72022.090457
[03:34:34] [worker #1] Bootstrap tree #342, logLikelihood: -72505.351575
[03:34:35] [worker #0] Bootstrap tree #339, logLikelihood: -71117.706176
[03:35:35] [worker #1] Bootstrap tree #344, logLikelihood: -71896.071505
[03:35:38] [worker #0] Bootstrap tree #341, logLikelihood: -72524.066618
[03:36:43] [worker #0] Bootstrap tree #343, logLikelihood: -72218.142754
[03:36:44] [worker #1] Bootstrap tree #346, logLikelihood: -73093.516248
[03:37:46] [worker #0] Bootstrap tree #345, logLikelihood: -71782.954734
[03:37:46] [worker #1] Bootstrap tree #348, logLikelihood: -70636.305021
[03:38:48] [worker #1] Bootstrap tree #350, logLikelihood: -71170.145358
[03:38:59] [worker #0] Bootstrap tree #347, logLikelihood: -70131.647873
[03:40:04] [worker #0] Bootstrap tree #349, logLikelihood: -71799.329714
[03:41:06] [worker #1] Bootstrap tree #352, logLikelihood: -71194.764729
[03:41:09] [worker #0] Bootstrap tree #351, logLikelihood: -70480.505619
[03:42:07] [worker #1] Bootstrap tree #354, logLikelihood: -70912.937940
[03:42:38] [worker #0] Bootstrap tree #353, logLikelihood: -71743.185726
[03:43:10] [worker #1] Bootstrap tree #356, logLikelihood: -72999.537854
[03:43:41] [worker #0] Bootstrap tree #355, logLikelihood: -71428.735655
[03:44:14] [worker #1] Bootstrap tree #358, logLikelihood: -71406.024497
[03:44:45] [worker #0] Bootstrap tree #357, logLikelihood: -72404.598656
[03:45:16] [worker #1] Bootstrap tree #360, logLikelihood: -71476.723076
[03:45:48] [worker #0] Bootstrap tree #359, logLikelihood: -71366.888460
[03:46:17] [worker #1] Bootstrap tree #362, logLikelihood: -71471.177772
[03:46:52] [worker #0] Bootstrap tree #361, logLikelihood: -71643.694551
[03:47:20] [worker #1] Bootstrap tree #364, logLikelihood: -69720.989346
[03:47:55] [worker #0] Bootstrap tree #363, logLikelihood: -71949.027512
[03:48:20] [worker #1] Bootstrap tree #366, logLikelihood: -71444.220173
[03:48:57] [worker #0] Bootstrap tree #365, logLikelihood: -70650.051946
[03:49:26] [worker #1] Bootstrap tree #368, logLikelihood: -71846.900473
[03:50:01] [worker #0] Bootstrap tree #367, logLikelihood: -71057.178852
[03:51:00] [worker #0] Bootstrap tree #369, logLikelihood: -71998.731867
[03:51:17] [worker #1] Bootstrap tree #370, logLikelihood: -71775.129523
[03:51:59] [worker #0] Bootstrap tree #371, logLikelihood: -72403.548661
[03:52:25] [worker #1] Bootstrap tree #372, logLikelihood: -73244.234484
[03:53:32] [worker #1] Bootstrap tree #374, logLikelihood: -70665.728148
[03:53:39] [worker #0] Bootstrap tree #373, logLikelihood: -72212.800602
[03:54:37] [worker #1] Bootstrap tree #376, logLikelihood: -72142.159398
[03:54:40] [worker #0] Bootstrap tree #375, logLikelihood: -70597.231936
[03:55:38] [worker #1] Bootstrap tree #378, logLikelihood: -71225.098909
[03:55:41] [worker #0] Bootstrap tree #377, logLikelihood: -70793.206011
[03:56:42] [worker #1] Bootstrap tree #380, logLikelihood: -70495.575588
[03:56:49] [worker #0] Bootstrap tree #379, logLikelihood: -72236.283756
[03:57:43] [worker #1] Bootstrap tree #382, logLikelihood: -71051.807694
[03:57:51] [worker #0] Bootstrap tree #381, logLikelihood: -70997.083502
[03:58:50] [worker #1] Bootstrap tree #384, logLikelihood: -70851.536113
[03:58:56] [worker #0] Bootstrap tree #383, logLikelihood: -71074.992243
[04:00:01] [worker #0] Bootstrap tree #385, logLikelihood: -70358.462058
[04:00:04] [worker #1] Bootstrap tree #386, logLikelihood: -71384.955976
[04:01:01] [worker #0] Bootstrap tree #387, logLikelihood: -71877.925171
[04:01:05] [worker #1] Bootstrap tree #388, logLikelihood: -72409.651599
[04:02:05] [worker #1] Bootstrap tree #390, logLikelihood: -71592.849850
[04:02:19] [worker #0] Bootstrap tree #389, logLikelihood: -71525.316735
[04:03:05] [worker #1] Bootstrap tree #392, logLikelihood: -70236.722629
[04:03:24] [worker #0] Bootstrap tree #391, logLikelihood: -70435.069045
[04:04:39] [worker #1] Bootstrap tree #394, logLikelihood: -70788.224784
[04:04:53] [worker #0] Bootstrap tree #393, logLikelihood: -70333.574726
[04:05:34] [worker #1] Bootstrap tree #396, logLikelihood: -71121.820256
[04:05:59] [worker #0] Bootstrap tree #395, logLikelihood: -71551.086473
[04:06:36] [worker #1] Bootstrap tree #398, logLikelihood: -71072.541091
[04:07:10] [worker #0] Bootstrap tree #397, logLikelihood: -71783.087643
[04:08:01] [worker #1] Bootstrap tree #400, logLikelihood: -70668.331118
[04:08:28] [worker #0] Bootstrap tree #399, logLikelihood: -71146.545621
[04:08:31] Bootstrapping converged after 400 replicates.

Optimized model parameters:

   Partition 0: noname
   Rate heterogeneity: GAMMA (4 cats, mean),  alpha: 1.574579 (ML),  weights&rates: (0.250000,0.236617) (0.250000,0.600517) (0.250000,1.054517) (0.250000,2.108349) 
   P-inv (ML): 0.452510
   Base frequencies (ML): 0.334181 0.220459 0.243400 0.201961 
   Substitution rates (ML): 1.212560 11.194141 1.702307 0.750888 33.478399 1.000000 


Final LogLikelihood: -71722.281470

AIC score: 144086.562940 / AICc score: 144105.775208 / BIC score: 146434.060801
Free parameters (model + branch lengths): 321

WARNING: Best ML tree contains 21 near-zero branches!

Best ML tree with collapsed near-zero branches saved to: /home/cbrook/denv2ML/T3.raxml.bestTreeCollapsed
Best ML tree saved to: /home/cbrook/denv2ML/T3.raxml.bestTree
All ML trees saved to: /home/cbrook/denv2ML/T3.raxml.mlTrees
Best ML tree with Felsenstein bootstrap (FBP) support values saved to: /home/cbrook/denv2ML/T3.raxml.supportFBP
Best ML tree with Transfer bootstrap (TBE) support values saved to: /home/cbrook/denv2ML/T3.raxml.supportTBE
Optimized model saved to: /home/cbrook/denv2ML/T3.raxml.bestModel
Bootstrap trees saved to: /home/cbrook/denv2ML/T3.raxml.bootstraps

Execution log saved to: /home/cbrook/denv2ML/T3.raxml.log

Analysis started: 10-May-2023 12:07:28 / finished: 10-May-2023 16:15:59

Elapsed time: 14911.457 seconds

Consumed energy: 613.403 Wh (= 3 km in an electric car, or 15 km with an e-scooter!)

