
RAxML-NG v. 1.1.0 released on 29.11.2021 by The Exelixis Lab.
Developed by: Alexey M. Kozlov and Alexandros Stamatakis.
Contributors: Diego Darriba, Tomas Flouri, Benoit Morel, Sarah Lutteropp, Ben Bettisworth.
Latest version: https://github.com/amkozlov/raxml-ng
Questions/problems/suggestions? Please visit: https://groups.google.com/forum/#!forum/raxml

System: Apple M1 Pro, 10 cores, 32 GB RAM

RAxML-NG was called at 26-May-2022 13:49:49 as follows:

/Applications/raxml-ng/raxml-ng --all --msa /Users/carabrook/Developer/cambodia-dengue-national/figure-development/FigS4/denv2ML/align-DENV2-ML.fasta --model GTR+I+G4 --prefix T3 --seed 12 --threads 8 --bs-metric fbp,tbe

Analysis options:
  run mode: ML tree search + bootstrapping (Felsenstein Bootstrap + Transfer Bootstrap)
  start tree(s): random (10) + parsimony (10)
  bootstrap replicates: max: 1000 + bootstopping (autoMRE, cutoff: 0.030000)
  random seed: 12
  tip-inner: OFF
  pattern compression: ON
  per-rate scalers: OFF
  site repeats: ON
  branch lengths: proportional (ML estimate, algorithm: NR-FAST)
  SIMD kernels: SSE3
  parallelization: coarse-grained (auto), PTHREADS (8 threads), thread pinning: OFF

[00:00:00] Reading alignment from file: /Users/carabrook/Developer/cambodia-dengue-national/figure-development/FigS4/denv2ML/align-DENV2-ML.fasta
[00:00:00] Loaded alignment with 150 taxa and 11082 sites

Alignment comprises 1 partitions and 3265 patterns

Partition 0: noname
Model: GTR+FO+I+G4m
Alignment sites / patterns: 11082 / 3265
Gaps: 4.04 %
Invariant sites: 55.15 %


NOTE: Binary MSA file created: T3.raxml.rba

Parallelization scheme autoconfig: 2 worker(s) x 4 thread(s)

Parallel reduction/worker buffer size: 1 KB  / 0 KB

[00:00:00] Generating 10 random starting tree(s) with 150 taxa
[00:00:00] Generating 10 parsimony starting tree(s) with 150 taxa
[00:00:00] Data distribution: max. partitions/sites/weight per thread: 1 / 817 / 13072
[00:00:00] Data distribution: max. searches per worker: 510

Starting ML tree search with 20 distinct starting trees

[00:01:59] [worker #0] ML tree search #1, logLikelihood: -71336.117083
[00:02:00] [worker #1] ML tree search #2, logLikelihood: -71335.705032
[00:03:47] [worker #1] ML tree search #4, logLikelihood: -71336.125958
[00:03:57] [worker #0] ML tree search #3, logLikelihood: -71334.364082
[00:05:27] [worker #1] ML tree search #6, logLikelihood: -71335.709260
[00:05:38] [worker #0] ML tree search #5, logLikelihood: -71337.453052
[01:34:49] [worker #1] ML tree search #8, logLikelihood: -71335.695989
[01:35:03] [worker #0] ML tree search #7, logLikelihood: -71334.371178
[01:36:52] [worker #1] ML tree search #10, logLikelihood: -71330.224193
[01:37:01] [worker #0] ML tree search #9, logLikelihood: -71330.230414
[01:38:17] [worker #1] ML tree search #12, logLikelihood: -71334.381668
[01:38:20] [worker #0] ML tree search #11, logLikelihood: -71330.252339
[01:39:33] [worker #1] ML tree search #14, logLikelihood: -71336.121769
[01:39:37] [worker #0] ML tree search #13, logLikelihood: -71335.697858
[01:40:57] [worker #1] ML tree search #16, logLikelihood: -71336.112517
[01:41:05] [worker #0] ML tree search #15, logLikelihood: -71330.228717
[01:42:18] [worker #1] ML tree search #18, logLikelihood: -71330.225633
[01:42:26] [worker #0] ML tree search #17, logLikelihood: -71336.119449
[01:47:44] [worker #0] ML tree search #19, logLikelihood: -71336.129609
[01:47:44] [worker #1] ML tree search #20, logLikelihood: -71335.702228

[01:47:44] ML tree search completed, best tree logLH: -71330.224193

[01:47:44] Starting bootstrapping analysis with 1000 replicates.

[01:49:08] [worker #1] Bootstrap tree #2, logLikelihood: -70815.217204
[01:49:08] [worker #0] Bootstrap tree #1, logLikelihood: -70245.287858
[01:50:31] [worker #0] Bootstrap tree #3, logLikelihood: -71597.931031
[01:50:33] [worker #1] Bootstrap tree #4, logLikelihood: -70508.069674
[01:51:52] [worker #0] Bootstrap tree #5, logLikelihood: -71438.006059
[01:52:04] [worker #1] Bootstrap tree #6, logLikelihood: -72515.662998
[01:53:26] [worker #1] Bootstrap tree #8, logLikelihood: -71950.037401
[01:53:37] [worker #0] Bootstrap tree #7, logLikelihood: -70550.986755
[01:54:47] [worker #1] Bootstrap tree #10, logLikelihood: -70664.435548
[01:54:58] [worker #0] Bootstrap tree #9, logLikelihood: -70713.062141
[01:56:24] [worker #0] Bootstrap tree #11, logLikelihood: -70701.471638
[01:56:41] [worker #1] Bootstrap tree #12, logLikelihood: -71377.531033
[01:57:42] [worker #0] Bootstrap tree #13, logLikelihood: -71121.202912
[01:58:00] [worker #1] Bootstrap tree #14, logLikelihood: -71569.617931
[01:58:58] [worker #0] Bootstrap tree #15, logLikelihood: -70967.654603
[01:59:46] [worker #1] Bootstrap tree #16, logLikelihood: -72063.039921
[02:00:14] [worker #0] Bootstrap tree #17, logLikelihood: -70953.758727
[02:01:06] [worker #1] Bootstrap tree #18, logLikelihood: -71800.686650
[02:01:28] [worker #0] Bootstrap tree #19, logLikelihood: -71078.088041
[02:02:29] [worker #1] Bootstrap tree #20, logLikelihood: -71032.013502
[02:02:54] [worker #0] Bootstrap tree #21, logLikelihood: -70689.829224
[02:03:46] [worker #1] Bootstrap tree #22, logLikelihood: -71721.014215
[02:04:19] [worker #0] Bootstrap tree #23, logLikelihood: -70954.453494
[02:05:06] [worker #1] Bootstrap tree #24, logLikelihood: -71407.637983
[02:05:36] [worker #0] Bootstrap tree #25, logLikelihood: -70402.270101
[02:06:53] [worker #1] Bootstrap tree #26, logLikelihood: -70450.356872
[02:07:02] [worker #0] Bootstrap tree #27, logLikelihood: -71364.056545
[02:08:15] [worker #1] Bootstrap tree #28, logLikelihood: -71493.635321
[02:08:23] [worker #0] Bootstrap tree #29, logLikelihood: -70436.361992
[02:09:52] [worker #0] Bootstrap tree #31, logLikelihood: -71929.220861
[02:10:00] [worker #1] Bootstrap tree #30, logLikelihood: -71299.968807
[02:11:26] [worker #1] Bootstrap tree #32, logLikelihood: -70540.142464
[02:12:16] [worker #0] Bootstrap tree #33, logLikelihood: -70733.444340
[02:12:47] [worker #1] Bootstrap tree #34, logLikelihood: -70916.926144
[02:13:38] [worker #0] Bootstrap tree #35, logLikelihood: -71238.205619
[02:14:27] [worker #1] Bootstrap tree #36, logLikelihood: -71926.256922
[02:15:02] [worker #0] Bootstrap tree #37, logLikelihood: -71284.576900
[02:15:52] [worker #1] Bootstrap tree #38, logLikelihood: -71560.512523
[02:16:47] [worker #0] Bootstrap tree #39, logLikelihood: -72460.757176
[02:17:23] [worker #1] Bootstrap tree #40, logLikelihood: -71430.709543
[02:18:09] [worker #0] Bootstrap tree #41, logLikelihood: -71131.288297
[02:18:47] [worker #1] Bootstrap tree #42, logLikelihood: -70299.332462
[02:19:29] [worker #0] Bootstrap tree #43, logLikelihood: -71907.558914
[02:20:12] [worker #1] Bootstrap tree #44, logLikelihood: -70940.188225
[02:21:15] [worker #0] Bootstrap tree #45, logLikelihood: -71618.068617
[02:21:31] [worker #1] Bootstrap tree #46, logLikelihood: -70546.141339
[02:22:31] [worker #0] Bootstrap tree #47, logLikelihood: -70848.310087
[02:23:09] [worker #1] Bootstrap tree #48, logLikelihood: -71828.965988
[02:23:48] [worker #0] Bootstrap tree #49, logLikelihood: -70404.819203
[02:24:28] [worker #1] Bootstrap tree #50, logLikelihood: -71170.354207
[02:25:48] [worker #0] Bootstrap tree #51, logLikelihood: -69609.082109
[02:25:50] [worker #1] Bootstrap tree #52, logLikelihood: -71335.665024
[02:43:32] [worker #0] Bootstrap tree #53, logLikelihood: -71720.248498
[02:44:00] [worker #1] Bootstrap tree #54, logLikelihood: -72067.669770
[02:44:59] [worker #0] Bootstrap tree #55, logLikelihood: -70514.879557
[02:45:02] [worker #1] Bootstrap tree #56, logLikelihood: -70935.622170
[02:46:13] [worker #0] Bootstrap tree #57, logLikelihood: -71293.869092
[02:46:15] [worker #1] Bootstrap tree #58, logLikelihood: -72435.195562
[02:55:52] [worker #1] Bootstrap tree #60, logLikelihood: -70592.549822
[02:55:52] [worker #0] Bootstrap tree #59, logLikelihood: -70975.692633
[02:57:11] [worker #0] Bootstrap tree #61, logLikelihood: -70791.478802
[02:57:44] [worker #1] Bootstrap tree #62, logLikelihood: -70484.621656
[02:58:26] [worker #0] Bootstrap tree #63, logLikelihood: -70828.138559
[02:59:13] [worker #1] Bootstrap tree #64, logLikelihood: -71403.828788
[02:59:53] [worker #0] Bootstrap tree #65, logLikelihood: -69818.132521
[03:00:26] [worker #1] Bootstrap tree #66, logLikelihood: -70968.944351
[03:01:13] [worker #0] Bootstrap tree #67, logLikelihood: -70462.905653
[03:01:49] [worker #1] Bootstrap tree #68, logLikelihood: -70531.250251
[03:02:34] [worker #0] Bootstrap tree #69, logLikelihood: -71046.111247
[03:03:08] [worker #1] Bootstrap tree #70, logLikelihood: -71216.496291
[03:03:53] [worker #0] Bootstrap tree #71, logLikelihood: -70591.535876
[03:22:51] [worker #1] Bootstrap tree #72, logLikelihood: -71694.249526
[03:23:32] [worker #0] Bootstrap tree #73, logLikelihood: -72263.041757
[03:24:12] [worker #1] Bootstrap tree #74, logLikelihood: -70830.384339
[03:25:05] [worker #0] Bootstrap tree #75, logLikelihood: -72342.521361
[03:25:33] [worker #1] Bootstrap tree #76, logLikelihood: -72824.289953
[03:26:26] [worker #0] Bootstrap tree #77, logLikelihood: -71111.673288
[03:26:47] [worker #1] Bootstrap tree #78, logLikelihood: -70848.913397
[03:27:48] [worker #0] Bootstrap tree #79, logLikelihood: -72003.384724
[03:28:06] [worker #1] Bootstrap tree #80, logLikelihood: -70529.762548
[03:29:06] [worker #0] Bootstrap tree #81, logLikelihood: -72242.740649
[03:29:33] [worker #1] Bootstrap tree #82, logLikelihood: -71206.623830
[03:30:26] [worker #0] Bootstrap tree #83, logLikelihood: -72044.153101
[03:30:51] [worker #1] Bootstrap tree #84, logLikelihood: -71412.608924
[03:31:46] [worker #0] Bootstrap tree #85, logLikelihood: -72112.921842
[03:32:12] [worker #1] Bootstrap tree #86, logLikelihood: -71036.656695
[03:33:11] [worker #0] Bootstrap tree #87, logLikelihood: -70788.079449
[03:33:32] [worker #1] Bootstrap tree #88, logLikelihood: -70457.710308
[03:34:51] [worker #0] Bootstrap tree #89, logLikelihood: -70964.975864
[03:34:53] [worker #1] Bootstrap tree #90, logLikelihood: -71387.197514
[03:36:15] [worker #0] Bootstrap tree #91, logLikelihood: -70459.552617
[03:36:29] [worker #1] Bootstrap tree #92, logLikelihood: -71916.839622
[03:37:35] [worker #0] Bootstrap tree #93, logLikelihood: -70874.975592
[03:37:50] [worker #1] Bootstrap tree #94, logLikelihood: -71867.017540
[03:38:53] [worker #0] Bootstrap tree #95, logLikelihood: -71020.468562
[03:39:09] [worker #1] Bootstrap tree #96, logLikelihood: -70527.559041
[03:40:18] [worker #0] Bootstrap tree #97, logLikelihood: -70237.954692
[03:40:55] [worker #1] Bootstrap tree #98, logLikelihood: -72011.018903
[03:41:41] [worker #0] Bootstrap tree #99, logLikelihood: -71522.367902
[03:42:21] [worker #1] Bootstrap tree #100, logLikelihood: -72421.216328
[03:43:45] [worker #0] Bootstrap tree #101, logLikelihood: -70611.166320
[03:43:52] [worker #1] Bootstrap tree #102, logLikelihood: -71418.659330
[03:45:10] [worker #0] Bootstrap tree #103, logLikelihood: -71136.645917
[03:45:32] [worker #1] Bootstrap tree #104, logLikelihood: -70685.402134
[03:46:26] [worker #0] Bootstrap tree #105, logLikelihood: -70875.494063
[03:46:50] [worker #1] Bootstrap tree #106, logLikelihood: -70750.695117
[03:47:48] [worker #0] Bootstrap tree #107, logLikelihood: -71457.584116
[03:48:13] [worker #1] Bootstrap tree #108, logLikelihood: -70439.930871
[03:49:25] [worker #0] Bootstrap tree #109, logLikelihood: -71412.960349
[03:49:36] [worker #1] Bootstrap tree #110, logLikelihood: -70248.605289
[03:50:49] [worker #0] Bootstrap tree #111, logLikelihood: -71428.112609
[03:51:08] [worker #1] Bootstrap tree #112, logLikelihood: -70776.049662
[03:52:27] [worker #0] Bootstrap tree #113, logLikelihood: -70789.537986
[03:52:31] [worker #1] Bootstrap tree #114, logLikelihood: -69905.344997
[03:53:56] [worker #0] Bootstrap tree #115, logLikelihood: -71690.580126
[03:54:02] [worker #1] Bootstrap tree #116, logLikelihood: -71702.745646
[03:55:22] [worker #0] Bootstrap tree #117, logLikelihood: -71381.648412
[03:55:29] [worker #1] Bootstrap tree #118, logLikelihood: -71647.774614
[03:56:51] [worker #1] Bootstrap tree #120, logLikelihood: -72032.411093
[03:56:52] [worker #0] Bootstrap tree #119, logLikelihood: -70934.674973
[03:58:13] [worker #1] Bootstrap tree #122, logLikelihood: -70230.456087
[03:58:17] [worker #0] Bootstrap tree #121, logLikelihood: -70915.205157
[03:59:35] [worker #0] Bootstrap tree #123, logLikelihood: -69457.065623
[03:59:59] [worker #1] Bootstrap tree #124, logLikelihood: -71764.304378
[04:01:15] [worker #1] Bootstrap tree #126, logLikelihood: -69910.625642
[04:01:17] [worker #0] Bootstrap tree #125, logLikelihood: -70018.033498
[04:02:44] [worker #1] Bootstrap tree #128, logLikelihood: -71401.114764
[04:02:50] [worker #0] Bootstrap tree #127, logLikelihood: -72683.706164
[04:04:08] [worker #1] Bootstrap tree #130, logLikelihood: -71680.541258
[04:04:14] [worker #0] Bootstrap tree #129, logLikelihood: -72364.951489
[04:05:27] [worker #1] Bootstrap tree #132, logLikelihood: -70321.373907
[04:05:30] [worker #0] Bootstrap tree #131, logLikelihood: -70677.239742
[04:06:57] [worker #0] Bootstrap tree #133, logLikelihood: -71030.571721
[04:07:16] [worker #1] Bootstrap tree #134, logLikelihood: -71220.788238
[04:08:17] [worker #0] Bootstrap tree #135, logLikelihood: -71697.156515
[04:08:33] [worker #1] Bootstrap tree #136, logLikelihood: -70813.899093
[04:09:36] [worker #0] Bootstrap tree #137, logLikelihood: -70222.498825
[04:10:30] [worker #1] Bootstrap tree #138, logLikelihood: -71058.327722
[04:10:56] [worker #0] Bootstrap tree #139, logLikelihood: -70485.495836
[04:11:49] [worker #1] Bootstrap tree #140, logLikelihood: -70363.956310
[04:12:17] [worker #0] Bootstrap tree #141, logLikelihood: -70758.224574
[04:13:14] [worker #1] Bootstrap tree #142, logLikelihood: -72181.165017
[04:13:45] [worker #0] Bootstrap tree #143, logLikelihood: -71698.758421
[04:14:44] [worker #1] Bootstrap tree #144, logLikelihood: -71369.702036
[04:15:04] [worker #0] Bootstrap tree #145, logLikelihood: -71400.422248
[04:16:59] [worker #1] Bootstrap tree #146, logLikelihood: -71212.989424
[04:17:26] [worker #0] Bootstrap tree #147, logLikelihood: -71040.356875
[04:28:06] [worker #1] Bootstrap tree #148, logLikelihood: -71544.030242
[04:28:44] [worker #0] Bootstrap tree #149, logLikelihood: -70700.934990
[04:29:20] [worker #1] Bootstrap tree #150, logLikelihood: -71045.702540
[04:30:39] [worker #1] Bootstrap tree #152, logLikelihood: -70890.319441
[04:30:41] [worker #0] Bootstrap tree #151, logLikelihood: -71217.725832
[04:31:52] [worker #1] Bootstrap tree #154, logLikelihood: -70808.462622
[04:31:55] [worker #0] Bootstrap tree #153, logLikelihood: -71361.253288
[04:33:05] [worker #1] Bootstrap tree #156, logLikelihood: -69926.927941
[04:33:05] [worker #0] Bootstrap tree #155, logLikelihood: -72105.300667
[04:34:14] [worker #0] Bootstrap tree #157, logLikelihood: -71206.081333
[04:34:17] [worker #1] Bootstrap tree #158, logLikelihood: -70401.986273
[04:35:25] [worker #0] Bootstrap tree #159, logLikelihood: -70776.344948
[04:35:53] [worker #1] Bootstrap tree #160, logLikelihood: -69649.663106
[04:36:37] [worker #0] Bootstrap tree #161, logLikelihood: -70113.547325
[04:37:02] [worker #1] Bootstrap tree #162, logLikelihood: -70237.060150
[04:38:03] [worker #0] Bootstrap tree #163, logLikelihood: -70919.965205
[04:38:12] [worker #1] Bootstrap tree #164, logLikelihood: -70989.972155
[04:39:10] [worker #0] Bootstrap tree #165, logLikelihood: -71643.617887
[04:39:23] [worker #1] Bootstrap tree #166, logLikelihood: -71098.992686
[04:40:31] [worker #0] Bootstrap tree #167, logLikelihood: -72048.689718
[04:40:37] [worker #1] Bootstrap tree #168, logLikelihood: -71497.035580
[04:41:51] [worker #1] Bootstrap tree #170, logLikelihood: -71927.985254
[04:42:39] [worker #0] Bootstrap tree #169, logLikelihood: -69107.089378
[04:43:05] [worker #1] Bootstrap tree #172, logLikelihood: -71289.396276
[04:44:13] [worker #0] Bootstrap tree #171, logLikelihood: -70425.637423
[04:44:18] [worker #1] Bootstrap tree #174, logLikelihood: -72261.612965
[04:45:23] [worker #0] Bootstrap tree #173, logLikelihood: -71651.446141
[04:45:31] [worker #1] Bootstrap tree #176, logLikelihood: -72269.005311
[04:46:43] [worker #1] Bootstrap tree #178, logLikelihood: -71301.167026
[04:46:54] [worker #0] Bootstrap tree #175, logLikelihood: -71614.528473
[04:47:55] [worker #1] Bootstrap tree #180, logLikelihood: -70835.562264
[04:48:34] [worker #0] Bootstrap tree #177, logLikelihood: -69990.315824
[04:49:10] [worker #1] Bootstrap tree #182, logLikelihood: -72564.240653
[04:49:48] [worker #0] Bootstrap tree #179, logLikelihood: -71276.354149
[04:50:26] [worker #1] Bootstrap tree #184, logLikelihood: -71376.263676
[04:51:05] [worker #0] Bootstrap tree #181, logLikelihood: -73068.393915
[04:51:41] [worker #1] Bootstrap tree #186, logLikelihood: -71361.703412
[04:52:16] [worker #0] Bootstrap tree #183, logLikelihood: -70919.711669
[04:52:54] [worker #1] Bootstrap tree #188, logLikelihood: -70694.048228
[04:53:51] [worker #0] Bootstrap tree #185, logLikelihood: -71029.927036
[04:55:04] [worker #0] Bootstrap tree #187, logLikelihood: -71888.603979
[04:55:04] [worker #1] Bootstrap tree #190, logLikelihood: -71621.517982
[04:56:18] [worker #1] Bootstrap tree #192, logLikelihood: -72248.128470
[04:56:43] [worker #0] Bootstrap tree #189, logLikelihood: -70317.293664
[04:57:26] [worker #1] Bootstrap tree #194, logLikelihood: -70828.657683
[04:58:18] [worker #0] Bootstrap tree #191, logLikelihood: -72838.925465
[04:58:37] [worker #1] Bootstrap tree #196, logLikelihood: -70850.922115
[04:59:28] [worker #0] Bootstrap tree #193, logLikelihood: -73469.615976
[04:59:48] [worker #1] Bootstrap tree #198, logLikelihood: -70952.171192
[05:00:45] [worker #0] Bootstrap tree #195, logLikelihood: -71091.385292
[05:01:02] [worker #1] Bootstrap tree #200, logLikelihood: -70346.627644
[05:01:59] [worker #0] Bootstrap tree #197, logLikelihood: -70873.176332
[05:03:12] [worker #0] Bootstrap tree #199, logLikelihood: -70664.009147
[05:04:30] [worker #0] Bootstrap tree #201, logLikelihood: -71690.819648
[05:04:33] [worker #1] Bootstrap tree #202, logLikelihood: -70821.890989
[05:05:48] [worker #0] Bootstrap tree #203, logLikelihood: -71037.658857
[05:05:52] [worker #1] Bootstrap tree #204, logLikelihood: -71338.066166
[05:07:05] [worker #1] Bootstrap tree #206, logLikelihood: -70958.158721
[05:07:22] [worker #0] Bootstrap tree #205, logLikelihood: -71076.497409
[05:08:19] [worker #1] Bootstrap tree #208, logLikelihood: -70495.247868
[05:08:36] [worker #0] Bootstrap tree #207, logLikelihood: -71418.832075
[05:09:37] [worker #1] Bootstrap tree #210, logLikelihood: -70721.095173
[05:10:30] [worker #0] Bootstrap tree #209, logLikelihood: -70656.257094
[05:10:50] [worker #1] Bootstrap tree #212, logLikelihood: -70957.331143
[05:11:41] [worker #0] Bootstrap tree #211, logLikelihood: -70207.572861
[05:12:53] [worker #1] Bootstrap tree #214, logLikelihood: -71348.233113
[05:13:02] [worker #0] Bootstrap tree #213, logLikelihood: -70018.709808
[05:14:22] [worker #1] Bootstrap tree #216, logLikelihood: -72422.509735
[05:14:27] [worker #0] Bootstrap tree #215, logLikelihood: -70506.982418
[05:29:45] [worker #0] Bootstrap tree #217, logLikelihood: -71715.203409
[05:30:16] [worker #1] Bootstrap tree #218, logLikelihood: -70777.151376
[05:31:25] [worker #0] Bootstrap tree #219, logLikelihood: -70463.614187
[05:31:40] [worker #1] Bootstrap tree #220, logLikelihood: -72024.809039
[05:32:46] [worker #0] Bootstrap tree #221, logLikelihood: -71386.867524
[05:33:00] [worker #1] Bootstrap tree #222, logLikelihood: -70162.998211
[05:34:02] [worker #0] Bootstrap tree #223, logLikelihood: -72062.600219
[05:34:35] [worker #1] Bootstrap tree #224, logLikelihood: -72538.163281
[05:35:15] [worker #0] Bootstrap tree #225, logLikelihood: -70884.935501
[05:35:49] [worker #1] Bootstrap tree #226, logLikelihood: -73000.386232
[05:36:30] [worker #0] Bootstrap tree #227, logLikelihood: -71718.143232
[05:37:03] [worker #1] Bootstrap tree #228, logLikelihood: -69932.675726
[05:37:48] [worker #0] Bootstrap tree #229, logLikelihood: -70268.004875
[05:38:18] [worker #1] Bootstrap tree #230, logLikelihood: -71232.521568
[05:39:16] [worker #0] Bootstrap tree #231, logLikelihood: -71539.839774
[05:39:38] [worker #1] Bootstrap tree #232, logLikelihood: -71156.163327
[05:40:32] [worker #0] Bootstrap tree #233, logLikelihood: -69756.998323
[05:40:56] [worker #1] Bootstrap tree #234, logLikelihood: -70190.365892
[05:41:47] [worker #0] Bootstrap tree #235, logLikelihood: -70727.883758
[05:42:15] [worker #1] Bootstrap tree #236, logLikelihood: -70519.101151
[05:43:13] [worker #0] Bootstrap tree #237, logLikelihood: -70040.452572
[05:43:32] [worker #1] Bootstrap tree #238, logLikelihood: -71390.178831
[05:44:31] [worker #0] Bootstrap tree #239, logLikelihood: -71315.168083
[05:45:00] [worker #1] Bootstrap tree #240, logLikelihood: -70911.763146
[05:45:47] [worker #0] Bootstrap tree #241, logLikelihood: -71299.630294
[05:47:04] [worker #0] Bootstrap tree #243, logLikelihood: -70271.703587
[05:47:10] [worker #1] Bootstrap tree #242, logLikelihood: -71434.962659
[05:54:10] [worker #0] Bootstrap tree #245, logLikelihood: -71143.185669
[05:54:42] [worker #1] Bootstrap tree #244, logLikelihood: -70463.257685
[05:55:50] [worker #0] Bootstrap tree #247, logLikelihood: -71345.788273
[05:55:59] [worker #1] Bootstrap tree #246, logLikelihood: -71158.451452
[05:57:11] [worker #0] Bootstrap tree #249, logLikelihood: -70801.042313
[05:57:12] [worker #1] Bootstrap tree #248, logLikelihood: -70715.648801
[05:58:28] [worker #1] Bootstrap tree #250, logLikelihood: -72342.833706
[05:59:44] [worker #1] Bootstrap tree #252, logLikelihood: -70728.344008
[05:59:48] [worker #0] Bootstrap tree #251, logLikelihood: -71129.477201
[06:01:06] [worker #0] Bootstrap tree #253, logLikelihood: -71798.632421
[06:01:27] [worker #1] Bootstrap tree #254, logLikelihood: -72180.021510
[06:02:20] [worker #0] Bootstrap tree #255, logLikelihood: -70772.056625
[06:02:49] [worker #1] Bootstrap tree #256, logLikelihood: -70708.510728
[06:04:00] [worker #0] Bootstrap tree #257, logLikelihood: -71662.056874
[06:04:23] [worker #1] Bootstrap tree #258, logLikelihood: -71737.887755
[06:05:36] [worker #0] Bootstrap tree #259, logLikelihood: -70483.808868
[06:06:14] [worker #1] Bootstrap tree #260, logLikelihood: -71285.407284
[06:07:39] [worker #0] Bootstrap tree #261, logLikelihood: -70891.122851
[06:08:00] [worker #1] Bootstrap tree #262, logLikelihood: -72081.052812
[06:09:25] [worker #0] Bootstrap tree #263, logLikelihood: -71813.885531
[06:09:47] [worker #1] Bootstrap tree #264, logLikelihood: -71373.897843
[06:11:26] [worker #0] Bootstrap tree #265, logLikelihood: -70391.035365
[06:11:37] [worker #1] Bootstrap tree #266, logLikelihood: -71300.718015
[06:13:24] [worker #0] Bootstrap tree #267, logLikelihood: -72132.611723
[06:13:34] [worker #1] Bootstrap tree #268, logLikelihood: -71718.113263
[06:15:56] [worker #0] Bootstrap tree #269, logLikelihood: -70647.934759
[06:18:20] [worker #1] Bootstrap tree #270, logLikelihood: -71811.434215
[06:19:09] [worker #0] Bootstrap tree #271, logLikelihood: -71795.830244
[06:22:25] [worker #1] Bootstrap tree #272, logLikelihood: -70969.165674
[06:22:38] [worker #0] Bootstrap tree #273, logLikelihood: -71634.573629
[06:25:43] [worker #1] Bootstrap tree #274, logLikelihood: -71203.019270
[06:25:54] [worker #0] Bootstrap tree #275, logLikelihood: -71278.561816
[06:28:51] [worker #1] Bootstrap tree #276, logLikelihood: -71347.483101
[06:29:17] [worker #0] Bootstrap tree #277, logLikelihood: -72221.959864
[06:32:06] [worker #1] Bootstrap tree #278, logLikelihood: -71928.961682
[06:32:41] [worker #0] Bootstrap tree #279, logLikelihood: -72211.360405
[06:35:57] [worker #0] Bootstrap tree #281, logLikelihood: -71477.600952
[06:37:11] [worker #1] Bootstrap tree #280, logLikelihood: -71015.563381
[06:39:23] [worker #0] Bootstrap tree #283, logLikelihood: -69632.594389
[06:40:24] [worker #1] Bootstrap tree #282, logLikelihood: -71753.525234
[06:42:42] [worker #0] Bootstrap tree #285, logLikelihood: -71435.892230
[06:43:25] [worker #1] Bootstrap tree #284, logLikelihood: -72201.564324
[06:45:56] [worker #0] Bootstrap tree #287, logLikelihood: -71566.708705
[06:46:41] [worker #1] Bootstrap tree #286, logLikelihood: -70648.446581
[06:48:50] [worker #0] Bootstrap tree #289, logLikelihood: -71244.839696
[06:50:24] [worker #1] Bootstrap tree #288, logLikelihood: -71192.677892
[06:52:11] [worker #0] Bootstrap tree #291, logLikelihood: -69643.481834
[06:53:33] [worker #1] Bootstrap tree #290, logLikelihood: -70694.415813
[06:55:17] [worker #0] Bootstrap tree #293, logLikelihood: -71267.585013
[06:56:25] [worker #1] Bootstrap tree #292, logLikelihood: -72178.856396
[06:58:14] [worker #0] Bootstrap tree #295, logLikelihood: -70185.816381
[06:59:19] [worker #1] Bootstrap tree #294, logLikelihood: -69629.527503
[07:01:15] [worker #0] Bootstrap tree #297, logLikelihood: -71644.628565
[07:02:26] [worker #1] Bootstrap tree #296, logLikelihood: -71138.154590
[07:04:16] [worker #0] Bootstrap tree #299, logLikelihood: -70232.834782
[07:05:28] [worker #1] Bootstrap tree #298, logLikelihood: -71247.251611
[07:08:13] [worker #1] Bootstrap tree #300, logLikelihood: -71203.515377
[07:08:14] Bootstrapping converged after 300 replicates.

Optimized model parameters:

   Partition 0: noname
   Rate heterogeneity: GAMMA (4 cats, mean),  alpha: 1.591862 (ML),  weights&rates: (0.250000,0.239171) (0.250000,0.603165) (0.250000,1.055390) (0.250000,2.102274) 
   P-inv (ML): 0.454063
   Base frequencies (ML): 0.334142 0.220576 0.243222 0.202060 
   Substitution rates (ML): 1.218844 11.338039 1.706046 0.759495 33.789063 1.000000 


Final LogLikelihood: -71330.224193

AIC score: 143274.448386 / AICc score: 143292.001012 / BIC score: 145519.563163
Free parameters (model + branch lengths): 307

WARNING: Best ML tree contains 18 near-zero branches!

Best ML tree with collapsed near-zero branches saved to: /Users/carabrook/Developer/cambodia-dengue-national/figure-development/FigS4/denv2ML/T3.raxml.bestTreeCollapsed
Best ML tree saved to: /Users/carabrook/Developer/cambodia-dengue-national/figure-development/FigS4/denv2ML/T3.raxml.bestTree
All ML trees saved to: /Users/carabrook/Developer/cambodia-dengue-national/figure-development/FigS4/denv2ML/T3.raxml.mlTrees
Best ML tree with Felsenstein bootstrap (FBP) support values saved to: /Users/carabrook/Developer/cambodia-dengue-national/figure-development/FigS4/denv2ML/T3.raxml.supportFBP
Best ML tree with Transfer bootstrap (TBE) support values saved to: /Users/carabrook/Developer/cambodia-dengue-national/figure-development/FigS4/denv2ML/T3.raxml.supportTBE
Optimized model saved to: /Users/carabrook/Developer/cambodia-dengue-national/figure-development/FigS4/denv2ML/T3.raxml.bestModel
Bootstrap trees saved to: /Users/carabrook/Developer/cambodia-dengue-national/figure-development/FigS4/denv2ML/T3.raxml.bootstraps

Execution log saved to: /Users/carabrook/Developer/cambodia-dengue-national/figure-development/FigS4/denv2ML/T3.raxml.log

Analysis started: 26-May-2022 13:49:49 / finished: 26-May-2022 20:58:03

Elapsed time: 25694.378 seconds

