ERROR: Unable to locate a modulefile for 'midway2'

                        BEAST v2.6.2, 2002-2020
             Bayesian Evolutionary Analysis Sampling Trees
                       Designed and developed by
 Remco Bouckaert, Alexei J. Drummond, Andrew Rambaut & Marc A. Suchard
                                    
                   Centre for Computational Evolution
                         University of Auckland
                       r.bouckaert@auckland.ac.nz
                        alexei@cs.auckland.ac.nz
                                    
                   Institute of Evolutionary Biology
                        University of Edinburgh
                           a.rambaut@ed.ac.uk
                                    
                    David Geffen School of Medicine
                 University of California, Los Angeles
                           msuchard@ucla.edu
                                    
                      Downloads, Help & Resources:
                           http://beast2.org/
                                    
  Source code distributed under the GNU Lesser General Public License:
                   http://github.com/CompEvol/beast2
                                    
                           BEAST developers:
   Alex Alekseyenko, Trevor Bedford, Erik Bloomquist, Joseph Heled, 
 Sebastian Hoehna, Denise Kuehnert, Philippe Lemey, Wai Lok Sibon Li, 
Gerton Lunter, Sidney Markowitz, Vladimir Minin, Michael Defoin Platel, 
          Oliver Pybus, Tim Vaughan, Chieh-Hsi Wu, Walter Xie
                                    
                               Thanks to:
          Roald Forsberg, Beth Shapiro and Korbinian Strimmer

Random number seed: 777

File: denv2.xml seed: 777 threads: 1
Loading package BEAST v2.6.2
Loading package BEAST v2.6.2
The following package is required, but is not available: BEAST.base v2.7.6
See http://beast2.org/managing-packages/ for details on how to install packages.

Error 1018 parsing the xml input file

Class beast.base.evolution.tree.Tree could not be found.
This XML requires the following package that is not installed: BEAST.base v2.7.6
See http://beast2.org/managing-packages/ for details on how to install packages.
Or perhaps there is a typo in spec and you meant beast.evolution.tree.Tree?

Error detected about here:
  <beast>
      <run id='mcmc' spec='MCMC'>
          <state id='state' spec='State'>
              <tree id='Tree.t:DENV2aligned' name='stateNode' spec='beast.base.evolution.tree.Tree'>

