Loading openmpi/3.1.2
  ERROR: Module cannot be loaded due to a conflict.
    HINT: Might try "module unload openmpi" first.

RAxML-NG v. 1.1.0-master released on 22.06.2022 by The Exelixis Lab.
Developed by: Alexey M. Kozlov and Alexandros Stamatakis.
Contributors: Diego Darriba, Tomas Flouri, Benoit Morel, Sarah Lutteropp, Ben Bettisworth.
Latest version: https://github.com/amkozlov/raxml-ng
Questions/problems/suggestions? Please visit: https://groups.google.com/forum/#!forum/raxml

System: Intel(R) Xeon(R) CPU E5-2680 v4 @ 2.40GHz, 28 cores, 62 GB RAM

RAxML-NG was called at 09-May-2023 21:26:23 as follows:

/project2/cbrook/software/raxml-ng/bin/raxml-ng-mpi --all --msa DENV1alignedML.fasta --model GTR+I+G4 --prefix T3 --seed 12 --threads auto --bs-metric fbp,tbe

Analysis options:
  run mode: ML tree search + bootstrapping (Felsenstein Bootstrap + Transfer Bootstrap)
  start tree(s): random (10) + parsimony (10)
  bootstrap replicates: max: 1000 + bootstopping (autoMRE, cutoff: 0.030000)
  random seed: 12
  tip-inner: OFF
  pattern compression: ON
  per-rate scalers: OFF
  site repeats: ON
  branch lengths: proportional (ML estimate, algorithm: NR-FAST)
  SIMD kernels: AVX2
  parallelization: coarse-grained (auto), PTHREADS (auto)

[00:00:00] Reading alignment from file: DENV1alignedML.fasta
[00:00:00] Loaded alignment with 223 taxa and 11130 sites

WARNING: Fully undetermined columns found: 1

NOTE: Reduced alignment (with duplicates and gap-only sites/taxa removed) 
NOTE: was saved to: /home/cbrook/denv1ML/T3.raxml.reduced.phy

Alignment comprises 1 partitions and 3516 patterns

Partition 0: noname
Model: GTR+FO+I+G4m
Alignment sites / patterns: 11129 / 3516
Gaps: 4.53 %
Invariant sites: 54.22 %


NOTE: Binary MSA file already exists: T3.raxml.rba

Parallelization scheme autoconfig: 9 worker(s) x 3 thread(s)

Error calling pthread_setaffinity_np: 22
Error calling pthread_setaffinity_np: 22
Error calling pthread_setaffinity_np: 22
Error calling pthread_setaffinity_np: 22
Error calling pthread_setaffinity_np: 22
Error calling pthread_setaffinity_np: 22
Error calling pthread_setaffinity_np: 22
Error calling pthread_setaffinity_np: 22
Error calling pthread_setaffinity_np: 22
Error calling pthread_setaffinity_np: 22
Error calling pthread_setaffinity_np: 22
Error calling pthread_setaffinity_np: 22
Error calling pthread_setaffinity_np: 22
Error calling pthread_setaffinity_np: 22
Error calling pthread_setaffinity_np: 22
Error calling pthread_setaffinity_np: 22
Error calling pthread_setaffinity_np: 22
Error calling pthread_setaffinity_np: 22
Error calling pthread_setaffinity_np: 22
Error calling pthread_setaffinity_np: 22
Error calling pthread_setaffinity_np: 22
Error calling pthread_setaffinity_np: 22
Error calling pthread_setaffinity_np: 22
Error calling pthread_setaffinity_np: 22
Error calling pthread_setaffinity_np: 22
Error calling pthread_setaffinity_np: 22
Parallel reduction/worker buffer size: 1 KB  / 0 KB

[00:00:00] Generating 10 random starting tree(s) with 223 taxa
[00:00:00] Generating 10 parsimony starting tree(s) with 223 taxa
[00:00:13] Data distribution: max. partitions/sites/weight per thread: 1 / 1172 / 18752
[00:00:26] Data distribution: max. searches per worker: 115

Starting ML tree search with 20 distinct starting trees

slurmstepd-midway2-0292: error: *** JOB 27382732 ON midway2-0292 CANCELLED AT 2023-05-09T21:32:43 ***
