Loading openmpi/3.1.2
  ERROR: Module cannot be loaded due to a conflict.
    HINT: Might try "module unload openmpi" first.

RAxML-NG v. 1.1.0-master released on 22.06.2022 by The Exelixis Lab.
Developed by: Alexey M. Kozlov and Alexandros Stamatakis.
Contributors: Diego Darriba, Tomas Flouri, Benoit Morel, Sarah Lutteropp, Ben Bettisworth.
Latest version: https://github.com/amkozlov/raxml-ng
Questions/problems/suggestions? Please visit: https://groups.google.com/forum/#!forum/raxml

System: Intel(R) Xeon(R) CPU E5-2680 v4 @ 2.40GHz, 28 cores, 62 GB RAM

RAxML-NG was called at 10-May-2023 11:37:22 as follows:

/project2/cbrook/software/raxml-ng/bin/raxml-ng-mpi --all --msa DENV2alignedML.fasta --model GTR+I+G4 --prefix T3 --seed 12 --threads 8 --bs-metric fbp,tbe

Analysis options:
  run mode: ML tree search + bootstrapping (Felsenstein Bootstrap + Transfer Bootstrap)
  start tree(s): random (10) + parsimony (10)
  bootstrap replicates: max: 1000 + bootstopping (autoMRE, cutoff: 0.030000)
  random seed: 12
  tip-inner: OFF
  pattern compression: ON
  per-rate scalers: OFF
  site repeats: ON
  branch lengths: proportional (ML estimate, algorithm: NR-FAST)
  SIMD kernels: AVX2
  parallelization: coarse-grained (auto), PTHREADS (8 threads), thread pinning: ON

[00:00:00] Reading alignment from file: DENV2alignedML.fasta
[00:00:00] Loaded alignment with 157 taxa and 11082 sites

Alignment comprises 1 partitions and 3312 patterns

Partition 0: noname
Model: GTR+FO+I+G4m
Alignment sites / patterns: 11082 / 3312
Gaps: 4.06 %
Invariant sites: 55.10 %


NOTE: Binary MSA file created: T3.raxml.rba

Parallelization scheme autoconfig: 2 worker(s) x 4 thread(s)

Error calling pthread_setaffinity_np: 22
Error calling pthread_setaffinity_np: 22
Error calling pthread_setaffinity_np: 22
Parallel reduction/worker buffer size: 1 KB  / 0 KB

[00:00:00] Generating 10 random starting tree(s) with 157 taxa
[00:00:00] Generating 10 parsimony starting tree(s) with 157 taxa
[00:00:02] Data distribution: max. partitions/sites/weight per thread: 1 / 828 / 13248
[00:00:03] Data distribution: max. searches per worker: 510

ERROR: CPU core oversubscription detected! RAxML-NG will terminate now to avoid wasting resources.
NOTE:  Details: https://github.com/amkozlov/raxml-ng/wiki/Parallelization#core-oversubscription
NOTE:  You can use '--force perf_threads' to disable this check, but ONLY if you are 200% sure this is a false alarm!

[midway2-0315:25262] *** Process received signal ***
[midway2-0315:25262] Signal: Segmentation fault (11)
[midway2-0315:25262] Signal code: Address not mapped (1)
[midway2-0315:25262] Failing at address: 0x98
[midway2-0315:25262] [ 0] /lib64/libpthread.so.0(+0xf630)[0x7f1185918630]
[midway2-0315:25262] [ 1] /project2/cbrook/software/raxml-ng/bin/raxml-ng-mpi(_ZN17CheckpointManager16update_and_writeERK8TreeInfo+0x115)[0x45fc95]
[midway2-0315:25262] [ 2] /project2/cbrook/software/raxml-ng/bin/raxml-ng-mpi(_ZN9Optimizer17optimize_topologyER8TreeInfoR17CheckpointManager+0xd0)[0x47ad30]
[midway2-0315:25262] [ 3] /project2/cbrook/software/raxml-ng/bin/raxml-ng-mpi(_Z15thread_infer_mlR13RaxmlInstanceR17CheckpointManager+0xdc4)[0x4b06e4]
[midway2-0315:25262] [ 4] /project2/cbrook/software/raxml-ng/bin/raxml-ng-mpi(_Z11thread_mainR13RaxmlInstanceR17CheckpointManager+0x47)[0x4b2887]
[midway2-0315:25262] [ 5] /software/gcc-10.2.0-el7-x86_64/lib64/libstdc++.so.6(+0xcddf0)[0x7f118610cdf0]
[midway2-0315:25262] [ 6] /lib64/libpthread.so.0(+0x7ea5)[0x7f1185910ea5]
[midway2-0315:25262] [ 7] /lib64/libc.so.6(clone+0x6d)[0x7f1185639b0d]
[midway2-0315:25262] *** End of error message ***
/tmp/slurmd/job27390732/slurm_script: line 19: 25262 Segmentation fault      /project2/cbrook/software/raxml-ng/bin/raxml-ng-mpi --all --msa DENV2alignedML.fasta --model GTR+I+G4 --prefix T3 --seed 12 --threads 8 --bs-metric fbp,tbe
