
RAxML-NG v. 1.1.0-master released on 22.06.2022 by The Exelixis Lab.
Developed by: Alexey M. Kozlov and Alexandros Stamatakis.
Contributors: Diego Darriba, Tomas Flouri, Benoit Morel, Sarah Lutteropp, Ben Bettisworth.
Latest version: https://github.com/amkozlov/raxml-ng
Questions/problems/suggestions? Please visit: https://groups.google.com/forum/#!forum/raxml

System: Intel(R) Xeon(R) CPU E5-2680 v4 @ 2.40GHz, 28 cores, 62 GB RAM

RAxML-NG was called at 10-May-2023 06:07:02 as follows:

/project2/cbrook/software/raxml-ng/bin/raxml-ng-mpi --all --msa DENV2alignedML.fasta --model GTR+I+G4 --prefix T3 --seed 12 --threads 6 --bs-metric fbp,tbe

Analysis options:
  run mode: ML tree search + bootstrapping (Felsenstein Bootstrap + Transfer Bootstrap)
  start tree(s): random (10) + parsimony (10)
  bootstrap replicates: max: 1000 + bootstopping (autoMRE, cutoff: 0.030000)
  random seed: 12
  tip-inner: OFF
  pattern compression: ON
  per-rate scalers: OFF
  site repeats: ON
  branch lengths: proportional (ML estimate, algorithm: NR-FAST)
  SIMD kernels: AVX2
  parallelization: coarse-grained (auto), PTHREADS (6 threads), thread pinning: ON

[00:00:02] Reading alignment from file: DENV2alignedML.fasta
[00:00:02] Loaded alignment with 156 taxa and 11043 sites

Alignment comprises 1 partitions and 2927 patterns

Partition 0: noname
Model: GTR+FO+I+G4m
Alignment sites / patterns: 11043 / 2927
Gaps: 3.72 %
Invariant sites: 68.12 %


NOTE: Binary MSA file created: T3.raxml.rba

Parallelization scheme autoconfig: 3 worker(s) x 2 thread(s)

Parallel reduction/worker buffer size: 1 KB  / 0 KB

[00:00:02] Generating 10 random starting tree(s) with 156 taxa
[00:00:02] Generating 10 parsimony starting tree(s) with 156 taxa
[00:00:02] Data distribution: max. partitions/sites/weight per thread: 1 / 1464 / 23424
[00:00:03] Data distribution: max. searches per worker: 341

Starting ML tree search with 20 distinct starting trees

[00:04:54] [worker #2] ML tree search #3, logLikelihood: -61922.638252
[00:04:56] [worker #0] ML tree search #1, logLikelihood: -61922.562085
[00:05:09] [worker #1] ML tree search #2, logLikelihood: -61922.642721
[00:09:26] [worker #0] ML tree search #4, logLikelihood: -61922.610214
[00:09:26] [worker #2] ML tree search #6, logLikelihood: -61922.607483
[00:09:46] [worker #1] ML tree search #5, logLikelihood: -61939.942974
[00:13:36] [worker #0] ML tree search #7, logLikelihood: -61922.704645
[00:13:40] [worker #2] ML tree search #9, logLikelihood: -61939.927101
[00:13:56] [worker #1] ML tree search #8, logLikelihood: -61939.898765
[00:16:20] [worker #2] ML tree search #12, logLikelihood: -61939.893747
[00:16:39] [worker #1] ML tree search #11, logLikelihood: -61922.598626
[00:17:26] [worker #0] ML tree search #10, logLikelihood: -61922.607340
[00:18:58] [worker #2] ML tree search #15, logLikelihood: -61939.896022
[00:19:23] [worker #1] ML tree search #14, logLikelihood: -61922.600799
[00:20:02] [worker #0] ML tree search #13, logLikelihood: -61922.599952
[00:21:33] [worker #2] ML tree search #18, logLikelihood: -61922.627061
[00:22:03] [worker #1] ML tree search #17, logLikelihood: -61922.626145
[00:22:37] [worker #0] ML tree search #16, logLikelihood: -61922.636175
[00:24:32] [worker #1] ML tree search #20, logLikelihood: -61922.596307
[00:25:02] [worker #0] ML tree search #19, logLikelihood: -61922.639143

[00:25:02] ML tree search completed, best tree logLH: -61922.562085

[00:25:02] Starting bootstrapping analysis with 1000 replicates.

[00:27:41] [worker #1] Bootstrap tree #2, logLikelihood: -62527.703641
[00:27:41] [worker #0] Bootstrap tree #1, logLikelihood: -61048.037010
[00:27:45] [worker #2] Bootstrap tree #3, logLikelihood: -60646.095364
[00:30:23] [worker #2] Bootstrap tree #6, logLikelihood: -60720.220177
[00:30:25] [worker #1] Bootstrap tree #5, logLikelihood: -62121.059413
[00:30:37] [worker #0] Bootstrap tree #4, logLikelihood: -60580.657954
[00:33:02] [worker #0] Bootstrap tree #7, logLikelihood: -62001.824217
[00:33:02] [worker #2] Bootstrap tree #9, logLikelihood: -61773.487360
[00:33:49] [worker #1] Bootstrap tree #8, logLikelihood: -62232.427688
[00:35:33] [worker #2] Bootstrap tree #12, logLikelihood: -61521.794689
[00:35:37] [worker #0] Bootstrap tree #10, logLikelihood: -60804.291280
[00:36:40] [worker #1] Bootstrap tree #11, logLikelihood: -62383.471236
[00:38:17] [worker #0] Bootstrap tree #13, logLikelihood: -62825.893027
[00:38:18] [worker #2] Bootstrap tree #15, logLikelihood: -61291.514414
[00:39:16] [worker #1] Bootstrap tree #14, logLikelihood: -61531.788115
[00:40:46] [worker #2] Bootstrap tree #18, logLikelihood: -61266.757625
[00:41:34] [worker #0] Bootstrap tree #16, logLikelihood: -61709.322002
[00:41:51] [worker #1] Bootstrap tree #17, logLikelihood: -62481.015326
[00:43:19] [worker #2] Bootstrap tree #21, logLikelihood: -61442.986317
[00:44:01] [worker #0] Bootstrap tree #19, logLikelihood: -61780.310507
[00:45:30] [worker #1] Bootstrap tree #20, logLikelihood: -61578.647881
[00:45:58] [worker #2] Bootstrap tree #24, logLikelihood: -62227.901086
[00:46:39] [worker #0] Bootstrap tree #22, logLikelihood: -60209.605436
[00:48:19] [worker #1] Bootstrap tree #23, logLikelihood: -61737.106561
[00:48:25] [worker #2] Bootstrap tree #27, logLikelihood: -62218.053802
[00:49:16] [worker #0] Bootstrap tree #25, logLikelihood: -62885.434345
[00:50:56] [worker #1] Bootstrap tree #26, logLikelihood: -61355.639430
[00:50:57] [worker #2] Bootstrap tree #30, logLikelihood: -60593.847502
[00:52:11] [worker #0] Bootstrap tree #28, logLikelihood: -61187.597022
[00:53:36] [worker #1] Bootstrap tree #29, logLikelihood: -61894.995019
[00:53:42] [worker #2] Bootstrap tree #33, logLikelihood: -60881.437341
[00:54:41] [worker #0] Bootstrap tree #31, logLikelihood: -61221.700313
[00:56:08] [worker #1] Bootstrap tree #32, logLikelihood: -61727.381444
[00:56:09] [worker #2] Bootstrap tree #36, logLikelihood: -60704.758122
[00:57:25] [worker #0] Bootstrap tree #34, logLikelihood: -63027.774762
[00:58:49] [worker #1] Bootstrap tree #35, logLikelihood: -62265.237966
[00:59:09] [worker #2] Bootstrap tree #39, logLikelihood: -62718.308432
[01:00:02] [worker #0] Bootstrap tree #37, logLikelihood: -62894.531464
[01:01:16] [worker #1] Bootstrap tree #38, logLikelihood: -61600.033898
[01:01:53] [worker #2] Bootstrap tree #42, logLikelihood: -62698.585489
[01:02:35] [worker #0] Bootstrap tree #40, logLikelihood: -62049.399242
[01:04:03] [worker #1] Bootstrap tree #41, logLikelihood: -61919.666720
[01:05:01] [worker #0] Bootstrap tree #43, logLikelihood: -60976.118434
[01:05:04] [worker #2] Bootstrap tree #45, logLikelihood: -61959.679577
[01:06:36] [worker #1] Bootstrap tree #44, logLikelihood: -60409.460027
[01:07:37] [worker #2] Bootstrap tree #48, logLikelihood: -61981.680999
[01:07:38] [worker #0] Bootstrap tree #46, logLikelihood: -62217.507209
[01:09:02] [worker #1] Bootstrap tree #47, logLikelihood: -62134.044863
[01:09:58] [worker #0] Bootstrap tree #49, logLikelihood: -62174.620274
[01:11:17] [worker #1] Bootstrap tree #50, logLikelihood: -61477.886999
[01:13:52] [worker #0] Bootstrap tree #52, logLikelihood: -61666.714970
[01:13:59] [worker #2] Bootstrap tree #51, logLikelihood: -62989.676402
[01:14:13] [worker #1] Bootstrap tree #53, logLikelihood: -62206.645678
[01:16:25] [worker #0] Bootstrap tree #55, logLikelihood: -61804.396882
[01:16:29] [worker #2] Bootstrap tree #54, logLikelihood: -62053.907984
[01:16:54] [worker #1] Bootstrap tree #56, logLikelihood: -61857.385253
[01:18:54] [worker #0] Bootstrap tree #58, logLikelihood: -60861.156137
[01:19:06] [worker #2] Bootstrap tree #57, logLikelihood: -62107.008037
[01:19:32] [worker #1] Bootstrap tree #59, logLikelihood: -60623.371323
[01:21:30] [worker #0] Bootstrap tree #61, logLikelihood: -60950.891579
[01:21:32] [worker #2] Bootstrap tree #60, logLikelihood: -60544.405174
[01:22:09] [worker #1] Bootstrap tree #62, logLikelihood: -61335.965928
[01:24:09] [worker #2] Bootstrap tree #63, logLikelihood: -62265.167189
[01:24:18] [worker #0] Bootstrap tree #64, logLikelihood: -63014.595426
[01:24:45] [worker #1] Bootstrap tree #65, logLikelihood: -61551.814794
[01:26:42] [worker #2] Bootstrap tree #66, logLikelihood: -61019.161728
[01:26:55] [worker #0] Bootstrap tree #67, logLikelihood: -62424.978509
[01:27:28] [worker #1] Bootstrap tree #68, logLikelihood: -61224.182862
[01:29:21] [worker #2] Bootstrap tree #69, logLikelihood: -61542.824210
[01:29:48] [worker #0] Bootstrap tree #70, logLikelihood: -60716.220453
[01:30:05] [worker #1] Bootstrap tree #71, logLikelihood: -61967.746469
[01:32:08] [worker #2] Bootstrap tree #72, logLikelihood: -60857.796518
[01:32:54] [worker #1] Bootstrap tree #74, logLikelihood: -61604.273595
[01:33:15] [worker #0] Bootstrap tree #73, logLikelihood: -61661.418320
[01:34:53] [worker #2] Bootstrap tree #75, logLikelihood: -60238.447290
[01:35:47] [worker #1] Bootstrap tree #77, logLikelihood: -62906.620888
[01:35:59] [worker #0] Bootstrap tree #76, logLikelihood: -61234.548127
[01:37:42] [worker #2] Bootstrap tree #78, logLikelihood: -61848.585444
[01:38:39] [worker #1] Bootstrap tree #80, logLikelihood: -62280.350390
[01:38:45] [worker #0] Bootstrap tree #79, logLikelihood: -61043.534820
[01:40:19] [worker #2] Bootstrap tree #81, logLikelihood: -60645.853178
[01:41:13] [worker #0] Bootstrap tree #82, logLikelihood: -61100.046903
[01:42:29] [worker #1] Bootstrap tree #83, logLikelihood: -62002.921517
[01:43:11] [worker #2] Bootstrap tree #84, logLikelihood: -62078.638118
[01:44:05] [worker #0] Bootstrap tree #85, logLikelihood: -60306.194694
[01:45:23] [worker #1] Bootstrap tree #86, logLikelihood: -61393.539289
[01:47:02] [worker #0] Bootstrap tree #88, logLikelihood: -60713.420062
[01:47:21] [worker #2] Bootstrap tree #87, logLikelihood: -62307.410406
[01:48:18] [worker #1] Bootstrap tree #89, logLikelihood: -60076.159420
[01:49:35] [worker #0] Bootstrap tree #91, logLikelihood: -60887.384908
[01:50:17] [worker #2] Bootstrap tree #90, logLikelihood: -61458.648570
[01:51:14] [worker #1] Bootstrap tree #92, logLikelihood: -59860.934667
[01:52:26] [worker #0] Bootstrap tree #94, logLikelihood: -60738.291907
[01:53:11] [worker #2] Bootstrap tree #93, logLikelihood: -62512.227642
[01:54:15] [worker #1] Bootstrap tree #95, logLikelihood: -60371.050145
[01:55:18] [worker #0] Bootstrap tree #97, logLikelihood: -61419.531043
[01:55:56] [worker #2] Bootstrap tree #96, logLikelihood: -61318.235752
[01:57:06] [worker #1] Bootstrap tree #98, logLikelihood: -61102.270060
[01:58:33] [worker #0] Bootstrap tree #100, logLikelihood: -62075.927121
[01:58:33] [worker #2] Bootstrap tree #99, logLikelihood: -61026.521832
[02:01:29] [worker #2] Bootstrap tree #102, logLikelihood: -60690.258280
[02:01:42] [worker #0] Bootstrap tree #103, logLikelihood: -61839.340433
[02:01:59] [worker #1] Bootstrap tree #101, logLikelihood: -61472.789063
[02:04:19] [worker #2] Bootstrap tree #105, logLikelihood: -61160.058734
[02:04:37] [worker #0] Bootstrap tree #106, logLikelihood: -60712.326295
[02:04:55] [worker #1] Bootstrap tree #104, logLikelihood: -60800.694565
[02:07:11] [worker #2] Bootstrap tree #108, logLikelihood: -62051.848420
[02:07:35] [worker #0] Bootstrap tree #109, logLikelihood: -62060.320371
[02:08:01] [worker #1] Bootstrap tree #107, logLikelihood: -60013.277906
[02:10:08] [worker #2] Bootstrap tree #111, logLikelihood: -61311.252224
[02:10:35] [worker #0] Bootstrap tree #112, logLikelihood: -61506.926229
[02:11:17] [worker #1] Bootstrap tree #110, logLikelihood: -62718.555839
[02:13:29] [worker #0] Bootstrap tree #115, logLikelihood: -61957.867354
[02:13:43] [worker #2] Bootstrap tree #114, logLikelihood: -61295.503889
[02:14:55] [worker #1] Bootstrap tree #113, logLikelihood: -61906.969357
[02:16:32] [worker #2] Bootstrap tree #117, logLikelihood: -60648.507066
[02:16:37] [worker #0] Bootstrap tree #118, logLikelihood: -61975.453942
[02:18:03] [worker #1] Bootstrap tree #116, logLikelihood: -61841.353082
[02:19:38] [worker #0] Bootstrap tree #121, logLikelihood: -61441.355081
[02:19:47] [worker #2] Bootstrap tree #120, logLikelihood: -61336.003347
[02:21:18] [worker #1] Bootstrap tree #119, logLikelihood: -62161.999942
[02:22:32] [worker #0] Bootstrap tree #124, logLikelihood: -61534.403858
[02:22:43] [worker #2] Bootstrap tree #123, logLikelihood: -61505.722273
[02:24:19] [worker #1] Bootstrap tree #122, logLikelihood: -61557.121911
[02:25:35] [worker #0] Bootstrap tree #127, logLikelihood: -61739.909099
[02:26:11] [worker #2] Bootstrap tree #126, logLikelihood: -62661.894986
[02:27:24] [worker #1] Bootstrap tree #125, logLikelihood: -61944.135247
[02:28:36] [worker #0] Bootstrap tree #130, logLikelihood: -60813.049369
[02:28:59] [worker #2] Bootstrap tree #129, logLikelihood: -61681.609779
[02:30:32] [worker #1] Bootstrap tree #128, logLikelihood: -62986.077265
[02:31:30] [worker #0] Bootstrap tree #133, logLikelihood: -60416.167664
[02:32:35] [worker #2] Bootstrap tree #132, logLikelihood: -61616.113552
[02:33:27] [worker #1] Bootstrap tree #131, logLikelihood: -60883.243944
[02:34:17] [worker #0] Bootstrap tree #136, logLikelihood: -60612.973230
[02:35:37] [worker #2] Bootstrap tree #135, logLikelihood: -60472.400583
[02:36:16] [worker #1] Bootstrap tree #134, logLikelihood: -60851.992578
[02:36:59] [worker #0] Bootstrap tree #139, logLikelihood: -61955.729469
[02:38:22] [worker #2] Bootstrap tree #138, logLikelihood: -61459.126006
[02:39:06] [worker #1] Bootstrap tree #137, logLikelihood: -61432.712063
[02:40:01] [worker #0] Bootstrap tree #142, logLikelihood: -60703.870758
[02:41:09] [worker #2] Bootstrap tree #141, logLikelihood: -62476.761629
[02:41:52] [worker #1] Bootstrap tree #140, logLikelihood: -61300.103773
[02:43:04] [worker #0] Bootstrap tree #145, logLikelihood: -63245.404567
[02:44:02] [worker #2] Bootstrap tree #144, logLikelihood: -62027.011912
[02:44:55] [worker #1] Bootstrap tree #143, logLikelihood: -62462.899171
[02:46:44] [worker #2] Bootstrap tree #147, logLikelihood: -60893.468935
[02:46:48] [worker #0] Bootstrap tree #148, logLikelihood: -62189.890464
[02:47:43] [worker #1] Bootstrap tree #146, logLikelihood: -61388.769917
[02:49:32] [worker #2] Bootstrap tree #150, logLikelihood: -61116.679154
[02:50:13] [worker #1] Bootstrap tree #149, logLikelihood: -61091.735825
[02:53:35] [worker #2] Bootstrap tree #153, logLikelihood: -61874.262191
[02:53:44] [worker #1] Bootstrap tree #152, logLikelihood: -62189.359726
[02:53:59] [worker #0] Bootstrap tree #151, logLikelihood: -62498.875073
[02:56:40] [worker #1] Bootstrap tree #155, logLikelihood: -62593.632402
[02:56:45] [worker #0] Bootstrap tree #154, logLikelihood: -61638.047700
[02:57:09] [worker #2] Bootstrap tree #156, logLikelihood: -61431.030988
[02:59:49] [worker #0] Bootstrap tree #157, logLikelihood: -61592.691957
[03:00:06] [worker #2] Bootstrap tree #159, logLikelihood: -61590.720678
[03:00:11] [worker #1] Bootstrap tree #158, logLikelihood: -61757.752534
[03:02:47] [worker #0] Bootstrap tree #160, logLikelihood: -61740.146558
[03:02:59] [worker #1] Bootstrap tree #161, logLikelihood: -61045.731659
[03:03:05] [worker #2] Bootstrap tree #162, logLikelihood: -61997.786198
[03:05:49] [worker #0] Bootstrap tree #163, logLikelihood: -60804.369389
[03:05:58] [worker #1] Bootstrap tree #164, logLikelihood: -61516.558394
[03:06:13] [worker #2] Bootstrap tree #165, logLikelihood: -61385.386093
[03:08:54] [worker #0] Bootstrap tree #166, logLikelihood: -62712.932230
[03:09:07] [worker #1] Bootstrap tree #167, logLikelihood: -60957.946933
[03:09:12] [worker #2] Bootstrap tree #168, logLikelihood: -61474.788378
[03:11:50] [worker #0] Bootstrap tree #169, logLikelihood: -62037.748244
[03:12:14] [worker #1] Bootstrap tree #170, logLikelihood: -60646.878654
[03:12:49] [worker #2] Bootstrap tree #171, logLikelihood: -61499.826060
[03:15:20] [worker #1] Bootstrap tree #173, logLikelihood: -60879.164022
[03:15:27] [worker #0] Bootstrap tree #172, logLikelihood: -61706.314157
[03:15:51] [worker #2] Bootstrap tree #174, logLikelihood: -61744.089471
[03:18:24] [worker #1] Bootstrap tree #176, logLikelihood: -61832.994607
[03:18:38] [worker #0] Bootstrap tree #175, logLikelihood: -61316.474559
[03:19:01] [worker #2] Bootstrap tree #177, logLikelihood: -60456.253514
[03:21:44] [worker #1] Bootstrap tree #179, logLikelihood: -61545.063323
[03:22:04] [worker #2] Bootstrap tree #180, logLikelihood: -61993.748976
[03:22:18] [worker #0] Bootstrap tree #178, logLikelihood: -61316.872228
[03:24:51] [worker #1] Bootstrap tree #182, logLikelihood: -60694.321496
[03:25:11] [worker #2] Bootstrap tree #183, logLikelihood: -61729.390990
[03:25:16] [worker #0] Bootstrap tree #181, logLikelihood: -62080.056203
[03:27:53] [worker #1] Bootstrap tree #185, logLikelihood: -61733.395329
[03:28:12] [worker #2] Bootstrap tree #186, logLikelihood: -62007.929498
[03:28:20] [worker #0] Bootstrap tree #184, logLikelihood: -63570.204867
[03:30:44] [worker #1] Bootstrap tree #188, logLikelihood: -61526.667600
[03:31:15] [worker #2] Bootstrap tree #189, logLikelihood: -60948.515884
[03:31:45] [worker #0] Bootstrap tree #187, logLikelihood: -62871.402856
[03:34:04] [worker #1] Bootstrap tree #191, logLikelihood: -62430.032287
[03:34:40] [worker #0] Bootstrap tree #190, logLikelihood: -61888.027768
[03:35:02] [worker #2] Bootstrap tree #192, logLikelihood: -61897.516332
[03:37:02] [worker #1] Bootstrap tree #194, logLikelihood: -61208.367892
[03:37:31] [worker #0] Bootstrap tree #193, logLikelihood: -61136.732090
[03:37:54] [worker #2] Bootstrap tree #195, logLikelihood: -61251.900298
[03:40:04] [worker #1] Bootstrap tree #197, logLikelihood: -62252.316772
[03:40:24] [worker #0] Bootstrap tree #196, logLikelihood: -61911.296236
[03:40:48] [worker #2] Bootstrap tree #198, logLikelihood: -62900.967765
[03:42:49] [worker #1] Bootstrap tree #200, logLikelihood: -62256.083488
[03:43:14] [worker #0] Bootstrap tree #199, logLikelihood: -62233.994982
[03:46:30] [worker #1] Bootstrap tree #203, logLikelihood: -61969.701168
[03:46:33] [worker #2] Bootstrap tree #201, logLikelihood: -61061.772232
[03:46:37] [worker #0] Bootstrap tree #202, logLikelihood: -61849.957946
[03:49:37] [worker #1] Bootstrap tree #206, logLikelihood: -59487.466871
[03:49:59] [worker #0] Bootstrap tree #205, logLikelihood: -61337.704999
[03:50:02] [worker #2] Bootstrap tree #204, logLikelihood: -60593.899822
[03:52:37] [worker #1] Bootstrap tree #209, logLikelihood: -60495.134866
[03:53:01] [worker #0] Bootstrap tree #208, logLikelihood: -61264.016666
[03:53:14] [worker #2] Bootstrap tree #207, logLikelihood: -61535.315908
[03:55:40] [worker #1] Bootstrap tree #212, logLikelihood: -61806.089180
[03:56:05] [worker #2] Bootstrap tree #210, logLikelihood: -61652.197678
[03:56:47] [worker #0] Bootstrap tree #211, logLikelihood: -60496.987986
[03:58:43] [worker #1] Bootstrap tree #215, logLikelihood: -61405.968178
[03:59:16] [worker #2] Bootstrap tree #213, logLikelihood: -61661.513023
[03:59:49] [worker #0] Bootstrap tree #214, logLikelihood: -61661.223199
[04:01:37] [worker #1] Bootstrap tree #218, logLikelihood: -61063.257804
[04:02:15] [worker #2] Bootstrap tree #216, logLikelihood: -61903.083712
[04:02:58] [worker #0] Bootstrap tree #217, logLikelihood: -62215.685334
[04:04:46] [worker #1] Bootstrap tree #221, logLikelihood: -61371.010806
[04:05:13] [worker #2] Bootstrap tree #219, logLikelihood: -60747.716602
[04:06:15] [worker #0] Bootstrap tree #220, logLikelihood: -61411.168356
[04:07:46] [worker #1] Bootstrap tree #224, logLikelihood: -61248.156438
[04:08:21] [worker #2] Bootstrap tree #222, logLikelihood: -62698.910122
[04:09:21] [worker #0] Bootstrap tree #223, logLikelihood: -61125.834178
[04:10:57] [worker #1] Bootstrap tree #227, logLikelihood: -62604.028626
[04:11:18] [worker #2] Bootstrap tree #225, logLikelihood: -60703.367412
[04:13:31] [worker #0] Bootstrap tree #226, logLikelihood: -60794.644356
[04:14:12] [worker #1] Bootstrap tree #230, logLikelihood: -61610.800633
[04:14:21] [worker #2] Bootstrap tree #228, logLikelihood: -61046.892374
[04:16:42] [worker #0] Bootstrap tree #229, logLikelihood: -62178.982583
[04:17:08] [worker #1] Bootstrap tree #233, logLikelihood: -61456.871920
[04:17:28] [worker #2] Bootstrap tree #231, logLikelihood: -62233.082710
[04:19:54] [worker #0] Bootstrap tree #232, logLikelihood: -62084.168914
[04:20:19] [worker #1] Bootstrap tree #236, logLikelihood: -62012.321997
[04:20:43] [worker #2] Bootstrap tree #234, logLikelihood: -62649.155317
[04:22:57] [worker #0] Bootstrap tree #235, logLikelihood: -61977.186042
[04:23:37] [worker #1] Bootstrap tree #239, logLikelihood: -61967.181985
[04:23:39] [worker #2] Bootstrap tree #237, logLikelihood: -61904.899401
[04:25:44] [worker #0] Bootstrap tree #238, logLikelihood: -60665.739846
[04:26:19] [worker #2] Bootstrap tree #240, logLikelihood: -62960.238511
[04:26:27] [worker #1] Bootstrap tree #242, logLikelihood: -61092.521648
[04:28:05] [worker #0] Bootstrap tree #241, logLikelihood: -62397.056578
[04:28:37] [worker #1] Bootstrap tree #245, logLikelihood: -62457.079575
[04:28:41] [worker #2] Bootstrap tree #243, logLikelihood: -61634.750338
[04:30:31] [worker #0] Bootstrap tree #244, logLikelihood: -62412.919221
[04:30:59] [worker #2] Bootstrap tree #246, logLikelihood: -61149.729801
[04:31:02] [worker #1] Bootstrap tree #248, logLikelihood: -61949.883516
[04:32:35] [worker #0] Bootstrap tree #247, logLikelihood: -60678.164771
[04:33:01] [worker #2] Bootstrap tree #249, logLikelihood: -61632.325460
[04:34:37] [worker #0] Bootstrap tree #250, logLikelihood: -61911.499813
[04:34:38] Bootstrapping converged after 250 replicates.

Optimized model parameters:

   Partition 0: noname
   Rate heterogeneity: GAMMA (4 cats, mean),  alpha: 2.322016 (ML),  weights&rates: (0.250000,0.328905) (0.250000,0.685401) (0.250000,1.076295) (0.250000,1.909399) 
   P-inv (ML): 0.533673
   Base frequencies (ML): 0.335696 0.213298 0.248243 0.202764 
   Substitution rates (ML): 1.215380 11.811084 1.676356 0.758032 35.351616 1.000000 


Final LogLikelihood: -61922.562085

AIC score: 124483.124170 / AICc score: 124502.163618 / BIC score: 126814.871265
Free parameters (model + branch lengths): 319

WARNING: Best ML tree contains 20 near-zero branches!

Best ML tree with collapsed near-zero branches saved to: /home/cbrook/denv2ML2/T3.raxml.bestTreeCollapsed
Best ML tree saved to: /home/cbrook/denv2ML2/T3.raxml.bestTree
All ML trees saved to: /home/cbrook/denv2ML2/T3.raxml.mlTrees
Best ML tree with Felsenstein bootstrap (FBP) support values saved to: /home/cbrook/denv2ML2/T3.raxml.supportFBP
Best ML tree with Transfer bootstrap (TBE) support values saved to: /home/cbrook/denv2ML2/T3.raxml.supportTBE
Optimized model saved to: /home/cbrook/denv2ML2/T3.raxml.bestModel
Bootstrap trees saved to: /home/cbrook/denv2ML2/T3.raxml.bootstraps

Execution log saved to: /home/cbrook/denv2ML2/T3.raxml.log

Analysis started: 10-May-2023 06:07:02 / finished: 10-May-2023 10:41:42

Elapsed time: 16479.401 seconds

Consumed energy: 361.800 Wh (= 2 km in an electric car, or 9 km with an e-scooter!)

