
Attaching package: ‘dplyr’

The following objects are masked from ‘package:plyr’:

    arrange, count, desc, failwith, id, mutate, rename, summarise,
    summarize

The following objects are masked from ‘package:stats’:

    filter, lag

The following objects are masked from ‘package:base’:

    intersect, setdiff, setequal, union


Attaching package: ‘lubridate’

The following objects are masked from ‘package:base’:

    date, intersect, setdiff, union

  year         provname procode week_report discode    hospital sex age month
1 2002 Banteay Meanchey       1          34       4       JAVII   F   8     8
2 2002 Banteay Meanchey       1          27       2         KBH   F   9     7
3 2002 Banteay Meanchey       1          39       5 PHDhospital   F   7     9
4 2002 Banteay Meanchey       1          34       4       JAVII   F   4     8
5 2002 Banteay Meanchey       1          39       8 PHDhospital   M   6    10
6 2002 Banteay Meanchey       1          42       4 PHDhospital   M   9    10
  diagnostic     date    epiwk epimonth case
1         df  8/22/02  8/19/02   8/1/02    1
2        dhf   7/5/02   7/1/02   7/1/02    1
3         df  9/26/02  9/23/02   9/1/02    1
4         df  8/19/02  8/19/02   8/1/02    1
5         df  10/1/02  9/30/02  10/1/02    1
6         df 10/15/02 10/14/02  10/1/02    1
NULL
     year         provname procode week_report discode hospital sex age month
773  2002 Banteay Meanchey       1          22       2      KBH   M   5     5
1239 2002     Kampong Cham       3          22      15      KBH   F  10     5
1297 2002     Kampong Cham       3          31      13      KBH   F   8     8
1308 2002     Kampong Cham       3          29      14      NPH   F   5     7
1369 2002     Kampong Cham       3          52       4      NPH   M  14    12
1402 2002     Kampong Cham       3          33       5      KBH   F   6     8
     diagnostic       date    epiwk epimonth case
773         dss 2002-05-29  5/27/02   5/1/02    1
1239        dss 2002-05-29  5/27/02   5/1/02    1
1297        dss 2002-08-03  7/29/02   8/1/02    1
1308        dss 2002-07-15  7/15/02   7/1/02    1
1369        dss 2002-12-23 12/23/02  12/1/02    1
1402        dss 2002-08-15  8/12/02   8/1/02    1
 [1]  1  2  3  4  5  6  7  8  9 10 11 12 13 14 15 16 17 18 19 20 21 22 23 24 25
[26] 26 27 28 29 30 31 32 33 34 35 36 37 38 39 40 41 42 43 44 45 46 47 48 49 50
[51] 51 52
 [1] "Banteay Meanchey" "Kampong Cham"     "Kampong Chhnang"  "Kampong Speu"    
 [5] "Kampong Thom"     "Kampot"           "Kandal"           "Koh Kong"        
 [9] "Mondul Kiri"      "Phnom Penh"       "Preah Sihanouk"   "Prey Veng"       
[13] "Pursat"           "Svay Rieng"       "Takeo"            "Battambang"      
[17] "Kratie"           "Preah Vihear"     "Kep"              "Pailin"          
[21] "Siem Reap"        "Stung Treng"      "Otdar Meanchey"   "Ratanak Kiri"    
[25] "Tboung Khmum"    
