
RAxML-NG v. 1.1.0-master released on 22.06.2022 by The Exelixis Lab.
Developed by: Alexey M. Kozlov and Alexandros Stamatakis.
Contributors: Diego Darriba, Tomas Flouri, Benoit Morel, Sarah Lutteropp, Ben Bettisworth.
Latest version: https://github.com/amkozlov/raxml-ng
Questions/problems/suggestions? Please visit: https://groups.google.com/forum/#!forum/raxml

System: Intel(R) Xeon(R) CPU E5-2680 v4 @ 2.40GHz, 28 cores, 251 GB RAM

RAxML-NG was called at 10-May-2023 06:04:31 as follows:

/project2/cbrook/software/raxml-ng/bin/raxml-ng-mpi --check --msa DENV2alignedML.fasta --model GTR+I+G4 --prefix T1

Analysis options:
  run mode: Alignment validation
  start tree(s): 
  random seed: 1683716673
  SIMD kernels: AVX2
  parallelization: coarse-grained (auto), PTHREADS (auto)

[00:00:01] Reading alignment from file: DENV2alignedML.fasta
[00:00:01] Loaded alignment with 156 taxa and 11043 sites

Alignment comprises 1 partitions and 11043 sites

Partition 0: noname
Model: GTR+FO+I+G4m
Alignment sites: 11043
Gaps: 3.72 %
Invariant sites: 68.12 %



Alignment can be successfully read by RAxML-NG.


Execution log saved to: /home/cbrook/denv2ML2/T1.raxml.log

Analysis started: 10-May-2023 06:04:31 / finished: 10-May-2023 06:04:33

Elapsed time: 1.948 seconds

