
RAxML-NG v. 1.1.0-master released on 22.06.2022 by The Exelixis Lab.
Developed by: Alexey M. Kozlov and Alexandros Stamatakis.
Contributors: Diego Darriba, Tomas Flouri, Benoit Morel, Sarah Lutteropp, Ben Bettisworth.
Latest version: https://github.com/amkozlov/raxml-ng
Questions/problems/suggestions? Please visit: https://groups.google.com/forum/#!forum/raxml

System: Intel(R) Xeon(R) CPU E5-2680 v4 @ 2.40GHz, 28 cores, 251 GB RAM

RAxML-NG was called at 10-May-2023 06:04:46 as follows:

/project2/cbrook/software/raxml-ng/bin/raxml-ng-mpi --parse --msa DENV2alignedML.fasta --model GTR+I+G4 --prefix T2

Analysis options:
  run mode: Alignment parsing and compression
  start tree(s): 
  random seed: 1683716686
  tip-inner: OFF
  pattern compression: ON
  per-rate scalers: OFF
  site repeats: ON
  branch lengths: proportional (ML estimate, algorithm: NR-FAST)
  SIMD kernels: AVX2
  parallelization: coarse-grained (auto), PTHREADS (auto)

[00:00:00] Reading alignment from file: DENV2alignedML.fasta
[00:00:00] Loaded alignment with 156 taxa and 11043 sites

Alignment comprises 1 partitions and 2927 patterns

Partition 0: noname
Model: GTR+FO+I+G4m
Alignment sites / patterns: 11043 / 2927
Gaps: 3.72 %
Invariant sites: 68.12 %


NOTE: Binary MSA file created: T2.raxml.rba


* Estimated memory requirements                : 111 MB

* Recommended number of threads / MPI processes: 7

Please note that numbers given above are rough estimates only. 
Actual memory consumption and parallel performance on your system may differ!

Alignment can be successfully read by RAxML-NG.


Execution log saved to: /home/cbrook/denv2ML2/T2.raxml.log

Analysis started: 10-May-2023 06:04:46 / finished: 10-May-2023 06:04:47

Elapsed time: 0.330 seconds

