
RAxML-NG v. 1.1.0 released on 29.11.2021 by The Exelixis Lab.
Developed by: Alexey M. Kozlov and Alexandros Stamatakis.
Contributors: Diego Darriba, Tomas Flouri, Benoit Morel, Sarah Lutteropp, Ben Bettisworth.
Latest version: https://github.com/amkozlov/raxml-ng
Questions/problems/suggestions? Please visit: https://groups.google.com/forum/#!forum/raxml

System: Apple M1 Pro, 10 cores, 32 GB RAM

RAxML-NG was called at 26-May-2022 18:45:11 as follows:

/Applications/raxml-ng/raxml-ng --parse --msa align-DENV1-ML.fasta --model GTR+I+G4 --prefix T2

Analysis options:
  run mode: Alignment parsing and compression
  start tree(s): 
  random seed: 1653608711
  tip-inner: OFF
  pattern compression: ON
  per-rate scalers: OFF
  site repeats: ON
  branch lengths: proportional (ML estimate, algorithm: NR-FAST)
  SIMD kernels: SSE3
  parallelization: coarse-grained (auto), PTHREADS (auto)

[00:00:00] Reading alignment from file: align-DENV1-ML.fasta
[00:00:00] Loaded alignment with 214 taxa and 11130 sites

WARNING: Fully undetermined columns found: 1

NOTE: Reduced alignment (with duplicates and gap-only sites/taxa removed) 
NOTE: was saved to: /Users/carabrook/Developer/cambodia-dengue-national/figure-development/FigS4/denv1ML/T2.raxml.reduced.phy

Alignment comprises 1 partitions and 3443 patterns

Partition 0: noname
Model: GTR+FO+I+G4m
Alignment sites / patterns: 11129 / 3443
Gaps: 4.54 %
Invariant sites: 54.35 %


NOTE: Binary MSA file created: T2.raxml.rba


* Estimated memory requirements                : 180 MB

* Recommended number of threads / MPI processes: 8

Please note that numbers given above are rough estimates only. 
Actual memory consumption and parallel performance on your system may differ!

Alignment can be successfully read by RAxML-NG.


Execution log saved to: /Users/carabrook/Developer/cambodia-dengue-national/figure-development/FigS4/denv1ML/T2.raxml.log

Analysis started: 26-May-2022 18:45:11 / finished: 26-May-2022 18:45:11

Elapsed time: 0.105 seconds

